{
  "/Users/twonian/work_space/gsdeFE/vite-plugin-theme/src/antdDarkThemePlugin.ts": {
    "path": "/Users/twonian/work_space/gsdeFE/vite-plugin-theme/src/antdDarkThemePlugin.ts",
    "statementMap": {
      "0": { "start": { "line": 2, "column": 0 }, "end": { "line": 2, "column": 24 } },
      "1": { "start": { "line": 3, "column": 0 }, "end": { "line": 3, "column": 26 } },
      "2": { "start": { "line": 4, "column": 0 }, "end": { "line": 4, "column": 24 } },
      "3": { "start": { "line": 5, "column": 0 }, "end": { "line": 5, "column": 69 } },
      "4": { "start": { "line": 6, "column": 0 }, "end": { "line": 6, "column": 26 } },
      "5": { "start": { "line": 7, "column": 0 }, "end": { "line": 7, "column": 46 } },
      "6": { "start": { "line": 8, "column": 0 }, "end": { "line": 8, "column": 58 } },
      "7": { "start": { "line": 9, "column": 0 }, "end": { "line": 9, "column": 49 } },
      "8": { "start": { "line": 32, "column": 6 }, "end": { "line": 32, "column": 13 } },
      "9": { "start": { "line": 33, "column": 17 }, "end": { "line": 33, "column": 22 } },
      "10": { "start": { "line": 34, "column": 22 }, "end": { "line": 34, "column": 27 } },
      "11": { "start": { "line": 36, "column": 21 }, "end": { "line": 36, "column": 23 } },
      "12": { "start": { "line": 38, "column": 19 }, "end": { "line": 38, "column": 44 } },
      "13": { "start": { "line": 39, "column": 20 }, "end": { "line": 39, "column": 68 } },
      "14": { "start": { "line": 41, "column": 24 }, "end": { "line": 41, "column": 61 } },
      "15": { "start": { "line": 43, "column": 24 }, "end": { "line": 43, "column": 37 } },
      "16": { "start": { "line": 45, "column": 17 }, "end": { "line": 47, "column": 3 } },
      "17": { "start": { "line": 46, "column": 4 }, "end": { "line": 46, "column": 59 } },
      "18": { "start": { "line": 50, "column": 4 }, "end": { "line": 52, "column": null } },
      "19": { "start": { "line": 51, "column": 6 }, "end": { "line": 51, "column": 13 } },
      "20": { "start": { "line": 53, "column": 4 }, "end": { "line": 69, "column": null } },
      "21": { "start": { "line": 54, "column": 19 }, "end": { "line": 54, "column": 47 } },
      "22": { "start": { "line": 55, "column": 6 }, "end": { "line": 68, "column": 11 } },
      "23": { "start": { "line": 63, "column": 25 }, "end": { "line": 63, "column": 43 } },
      "24": { "start": { "line": 64, "column": 10 }, "end": { "line": 67, "column": null } },
      "25": { "start": { "line": 65, "column": 12 }, "end": { "line": 65, "column": 71 } },
      "26": { "start": { "line": 66, "column": 12 }, "end": { "line": 66, "column": 45 } },
      "27": { "start": { "line": 75, "column": 4 }, "end": { "line": 79, "column": null } },
      "28": { "start": { "line": 76, "column": 6 }, "end": { "line": 78, "column": null } },
      "29": { "start": { "line": 77, "column": 8 }, "end": { "line": 77, "column": 32 } },
      "30": { "start": { "line": 81, "column": 4 }, "end": { "line": 81, "column": 20 } },
      "31": { "start": { "line": 84, "column": 2 }, "end": { "line": 225, "column": 4 } },
      "32": { "start": { "line": 95, "column": 8 }, "end": { "line": 95, "column": 32 } },
      "33": { "start": { "line": 96, "column": 8 }, "end": { "line": 96, "column": 54 } },
      "34": { "start": { "line": 97, "column": 8 }, "end": { "line": 97, "column": 57 } },
      "35": { "start": { "line": 98, "column": 8 }, "end": { "line": 98, "column": 34 } },
      "36": { "start": { "line": 102, "column": 25 }, "end": { "line": 102, "column": 49 } },
      "37": { "start": { "line": 104, "column": 8 }, "end": { "line": 106, "column": null } },
      "38": { "start": { "line": 105, "column": 10 }, "end": { "line": 105, "column": 22 } },
      "39": { "start": { "line": 108, "column": 8 }, "end": { "line": 113, "column": null } },
      "40": { "start": { "line": 109, "column": 10 }, "end": { "line": 109, "column": 119 } },
      "41": { "start": { "line": 112, "column": 10 }, "end": { "line": 112, "column": null } },
      "42": { "start": { "line": 115, "column": 8 }, "end": { "line": 129, "column": 10 } },
      "43": { "start": { "line": 133, "column": 8 }, "end": { "line": 135, "column": null } },
      "44": { "start": { "line": 134, "column": 10 }, "end": { "line": 134, "column": 22 } },
      "45": { "start": { "line": 137, "column": 8 }, "end": { "line": 139, "column": null } },
      "46": { "start": { "line": 138, "column": 10 }, "end": { "line": 138, "column": 22 } },
      "47": { "start": { "line": 141, "column": 26 }, "end": { "line": 146, "column": 9 } },
      "48": { "start": { "line": 142, "column": 10 }, "end": { "line": 145, "column": 12 } },
      "49": { "start": { "line": 148, "column": 25 }, "end": { "line": 148, "column": 27 } },
      "50": { "start": { "line": 149, "column": 22 }, "end": { "line": 149, "column": 39 } },
      "51": { "start": { "line": 150, "column": 25 }, "end": { "line": 150, "column": 54 } },
      "52": { "start": { "line": 152, "column": 8 }, "end": { "line": 168, "column": null } },
      "53": { "start": { "line": 153, "column": 26 }, "end": { "line": 158, "column": 12 } },
      "54": { "start": { "line": 160, "column": 25 }, "end": { "line": 160, "column": 43 } },
      "55": { "start": { "line": 161, "column": 10 }, "end": { "line": 165, "column": null } },
      "56": { "start": { "line": 164, "column": 12 }, "end": { "line": 164, "column": 78 } },
      "57": { "start": { "line": 167, "column": 10 }, "end": { "line": 167, "column": 34 } },
      "58": { "start": { "line": 170, "column": 8 }, "end": { "line": 183, "column": null } },
      "59": { "start": { "line": 171, "column": 10 }, "end": { "line": 171, "column": 67 } },
      "60": { "start": { "line": 172, "column": 10 }, "end": { "line": 172, "column": 61 } },
      "61": { "start": { "line": 174, "column": 10 }, "end": { "line": 181, "column": null } },
      "62": { "start": { "line": 175, "column": 28 }, "end": { "line": 178, "column": 14 } },
      "63": { "start": { "line": 180, "column": 12 }, "end": { "line": 180, "column": 39 } },
      "64": { "start": { "line": 182, "column": 10 }, "end": { "line": 182, "column": 39 } },
      "65": { "start": { "line": 185, "column": 8 }, "end": { "line": 185, "column": 20 } },
      "66": { "start": { "line": 189, "column": 8 }, "end": { "line": 191, "column": null } },
      "67": { "start": { "line": 190, "column": 10 }, "end": { "line": 190, "column": 17 } },
      "68": { "start": { "line": 195, "column": 12 }, "end": { "line": 195, "column": 18 } },
      "69": { "start": { "line": 196, "column": 8 }, "end": { "line": 198, "column": null } },
      "70": { "start": { "line": 197, "column": 10 }, "end": { "line": 197, "column": 63 } },
      "71": { "start": { "line": 199, "column": 30 }, "end": { "line": 199, "column": 82 } },
      "72": { "start": { "line": 200, "column": 8 }, "end": { "line": 200, "column": 54 } },
      "73": { "start": { "line": 204, "column": 8 }, "end": { "line": 222, "column": null } },
      "74": { "start": { "line": 207, "column": 14 }, "end": { "line": 207, "column": 20 } },
      "75": { "start": { "line": 208, "column": 10 }, "end": { "line": 211, "column": 12 } },
      "76": { "start": { "line": 212, "column": 10 }, "end": { "line": 221, "column": 28 } },
      "77": { "start": { "line": 213, "column": 29 }, "end": { "line": 213, "column": 85 } },
      "78": { "start": { "line": 214, "column": 12 }, "end": { "line": 219, "column": 14 } },
      "79": { "start": { "line": 22, "column": 0 }, "end": { "line": 22, "column": 16 } }
    },
    "fnMap": {
      "0": {
        "name": "antdDarkThemePlugin",
        "decl": { "start": { "line": 22, "column": 16 }, "end": { "line": 22, "column": 35 } },
        "loc": { "start": { "line": 22, "column": 64 }, "end": { "line": 226, "column": 1 } }
      },
      "1": {
        "name": "(anonymous_2)",
        "decl": { "start": { "line": 45, "column": 17 }, "end": { "line": 45, "column": 18 } },
        "loc": { "start": { "line": 45, "column": 33 }, "end": { "line": 47, "column": 3 } }
      },
      "2": {
        "name": "preloadLess",
        "decl": { "start": { "line": 49, "column": 17 }, "end": { "line": 49, "column": 28 } },
        "loc": { "start": { "line": 49, "column": 28 }, "end": { "line": 70, "column": 3 } }
      },
      "3": {
        "name": "(anonymous_4)",
        "decl": { "start": { "line": 62, "column": 14 }, "end": { "line": 62, "column": 15 } },
        "loc": { "start": { "line": 62, "column": 26 }, "end": { "line": 68, "column": 9 } }
      },
      "4": {
        "name": "getProtocal",
        "decl": { "start": { "line": 72, "column": 11 }, "end": { "line": 72, "column": 22 } },
        "loc": { "start": { "line": 72, "column": 27 }, "end": { "line": 82, "column": 3 } }
      },
      "5": {
        "name": "(anonymous_6)",
        "decl": { "start": { "line": 75, "column": 26 }, "end": { "line": 75, "column": 38 } },
        "loc": { "start": { "line": 75, "column": 41 }, "end": { "line": 79, "column": 5 } }
      },
      "6": {
        "name": "(anonymous_7)",
        "decl": { "start": { "line": 94, "column": 6 }, "end": { "line": 94, "column": 20 } },
        "loc": { "start": { "line": 94, "column": 35 }, "end": { "line": 99, "column": 7 } }
      },
      "7": {
        "name": "(anonymous_8)",
        "decl": { "start": { "line": 100, "column": 6 }, "end": { "line": 100, "column": 24 } },
        "loc": { "start": { "line": 100, "column": 29 }, "end": { "line": 130, "column": 7 } }
      },
      "8": {
        "name": "(anonymous_9)",
        "decl": { "start": { "line": 132, "column": 6 }, "end": { "line": 132, "column": 11 } },
        "loc": { "start": { "line": 132, "column": 30 }, "end": { "line": 186, "column": 7 } }
      },
      "9": {
        "name": "(anonymous_10)",
        "decl": { "start": { "line": 141, "column": 26 }, "end": { "line": 141, "column": 27 } },
        "loc": { "start": { "line": 141, "column": 46 }, "end": { "line": 146, "column": 9 } }
      },
      "10": {
        "name": "(anonymous_11)",
        "decl": { "start": { "line": 188, "column": 6 }, "end": { "line": 188, "column": 11 } },
        "loc": { "start": { "line": 188, "column": 23 }, "end": { "line": 201, "column": 7 } }
      },
      "11": {
        "name": "(anonymous_12)",
        "decl": { "start": { "line": 203, "column": 6 }, "end": { "line": 203, "column": 17 } },
        "loc": { "start": { "line": 203, "column": 17 }, "end": { "line": 223, "column": 7 } }
      }
    },
    "branchMap": {
      "0": {
        "loc": { "start": { "line": 25, "column": 4 }, "end": { "line": 25, "column": 18 } },
        "type": "default-arg",
        "locations": [
          { "start": { "line": 25, "column": 14 }, "end": { "line": 25, "column": 18 } }
        ]
      },
      "1": {
        "loc": { "start": { "line": 26, "column": 4 }, "end": { "line": 26, "column": 42 } },
        "type": "default-arg",
        "locations": [
          { "start": { "line": 26, "column": 15 }, "end": { "line": 26, "column": 42 } }
        ]
      },
      "2": {
        "loc": { "start": { "line": 29, "column": 4 }, "end": { "line": 29, "column": 21 } },
        "type": "default-arg",
        "locations": [
          { "start": { "line": 29, "column": 17 }, "end": { "line": 29, "column": 21 } }
        ]
      },
      "3": {
        "loc": { "start": { "line": 30, "column": 4 }, "end": { "line": 30, "column": 21 } },
        "type": "default-arg",
        "locations": [
          { "start": { "line": 30, "column": 19 }, "end": { "line": 30, "column": 21 } }
        ]
      },
      "4": {
        "loc": { "start": { "line": 31, "column": 4 }, "end": { "line": 31, "column": 23 } },
        "type": "default-arg",
        "locations": [
          { "start": { "line": 31, "column": 17 }, "end": { "line": 31, "column": 23 } }
        ]
      },
      "5": {
        "loc": { "start": { "line": 46, "column": 15 }, "end": { "line": 46, "column": 46 } },
        "type": "binary-expr",
        "locations": [
          { "start": { "line": 46, "column": 15 }, "end": { "line": 46, "column": 23 } },
          { "start": { "line": 46, "column": 27 }, "end": { "line": 46, "column": 46 } }
        ]
      },
      "6": {
        "loc": { "start": { "line": 50, "column": 4 }, "end": { "line": 52, "column": null } },
        "type": "if",
        "locations": [
          { "start": { "line": 50, "column": 4 }, "end": { "line": 52, "column": null } }
        ]
      },
      "7": {
        "loc": { "start": { "line": 50, "column": 8 }, "end": { "line": 50, "column": 45 } },
        "type": "binary-expr",
        "locations": [
          { "start": { "line": 50, "column": 8 }, "end": { "line": 50, "column": 21 } },
          { "start": { "line": 50, "column": 25 }, "end": { "line": 50, "column": 45 } }
        ]
      },
      "8": {
        "loc": { "start": { "line": 64, "column": 10 }, "end": { "line": 67, "column": null } },
        "type": "if",
        "locations": [
          { "start": { "line": 64, "column": 10 }, "end": { "line": 67, "column": null } }
        ]
      },
      "9": {
        "loc": { "start": { "line": 76, "column": 6 }, "end": { "line": 78, "column": null } },
        "type": "if",
        "locations": [
          { "start": { "line": 76, "column": 6 }, "end": { "line": 78, "column": null } }
        ]
      },
      "10": {
        "loc": { "start": { "line": 98, "column": 8 }, "end": { "line": 98, "column": 33 } },
        "type": "binary-expr",
        "locations": [
          { "start": { "line": 98, "column": 8 }, "end": { "line": 98, "column": 16 } },
          { "start": { "line": 98, "column": 20 }, "end": { "line": 98, "column": 33 } }
        ]
      },
      "11": {
        "loc": { "start": { "line": 104, "column": 8 }, "end": { "line": 106, "column": null } },
        "type": "if",
        "locations": [
          { "start": { "line": 104, "column": 8 }, "end": { "line": 106, "column": null } }
        ]
      },
      "12": {
        "loc": { "start": { "line": 104, "column": 12 }, "end": { "line": 104, "column": 45 } },
        "type": "binary-expr",
        "locations": [
          { "start": { "line": 104, "column": 12 }, "end": { "line": 104, "column": 20 } },
          { "start": { "line": 104, "column": 24 }, "end": { "line": 104, "column": 45 } }
        ]
      },
      "13": {
        "loc": { "start": { "line": 108, "column": 8 }, "end": { "line": 113, "column": null } },
        "type": "if",
        "locations": [
          { "start": { "line": 108, "column": 8 }, "end": { "line": 113, "column": null } },
          { "start": { "line": 111, "column": 13 }, "end": { "line": 113, "column": null } }
        ]
      },
      "14": {
        "loc": { "start": { "line": 133, "column": 8 }, "end": { "line": 135, "column": null } },
        "type": "if",
        "locations": [
          { "start": { "line": 133, "column": 8 }, "end": { "line": 135, "column": null } }
        ]
      },
      "15": {
        "loc": { "start": { "line": 133, "column": 12 }, "end": { "line": 133, "column": 56 } },
        "type": "binary-expr",
        "locations": [
          { "start": { "line": 133, "column": 12 }, "end": { "line": 133, "column": 33 } },
          { "start": { "line": 133, "column": 37 }, "end": { "line": 133, "column": 56 } }
        ]
      },
      "16": {
        "loc": { "start": { "line": 137, "column": 8 }, "end": { "line": 139, "column": null } },
        "type": "if",
        "locations": [
          { "start": { "line": 137, "column": 8 }, "end": { "line": 139, "column": null } }
        ]
      },
      "17": {
        "loc": { "start": { "line": 137, "column": 12 }, "end": { "line": 137, "column": 55 } },
        "type": "binary-expr",
        "locations": [
          { "start": { "line": 137, "column": 12 }, "end": { "line": 137, "column": 40 } },
          { "start": { "line": 137, "column": 44 }, "end": { "line": 137, "column": 55 } }
        ]
      },
      "18": {
        "loc": { "start": { "line": 143, "column": 17 }, "end": { "line": 143, "column": 67 } },
        "type": "cond-expr",
        "locations": [
          { "start": { "line": 143, "column": 33 }, "end": { "line": 143, "column": 60 } },
          { "start": { "line": 143, "column": 63 }, "end": { "line": 143, "column": 67 } }
        ]
      },
      "19": {
        "loc": { "start": { "line": 150, "column": 25 }, "end": { "line": 150, "column": 54 } },
        "type": "binary-expr",
        "locations": [
          { "start": { "line": 150, "column": 25 }, "end": { "line": 150, "column": 31 } },
          { "start": { "line": 150, "column": 35 }, "end": { "line": 150, "column": 54 } }
        ]
      },
      "20": {
        "loc": { "start": { "line": 152, "column": 8 }, "end": { "line": 168, "column": null } },
        "type": "if",
        "locations": [
          { "start": { "line": 152, "column": 8 }, "end": { "line": 168, "column": null } },
          { "start": { "line": 166, "column": 15 }, "end": { "line": 168, "column": null } }
        ]
      },
      "21": {
        "loc": { "start": { "line": 161, "column": 10 }, "end": { "line": 165, "column": null } },
        "type": "if",
        "locations": [
          { "start": { "line": 161, "column": 10 }, "end": { "line": 165, "column": null } }
        ]
      },
      "22": {
        "loc": { "start": { "line": 170, "column": 8 }, "end": { "line": 183, "column": null } },
        "type": "if",
        "locations": [
          { "start": { "line": 170, "column": 8 }, "end": { "line": 183, "column": null } },
          { "start": { "line": 173, "column": 15 }, "end": { "line": 183, "column": null } }
        ]
      },
      "23": {
        "loc": { "start": { "line": 170, "column": 12 }, "end": { "line": 170, "column": 35 } },
        "type": "binary-expr",
        "locations": [
          { "start": { "line": 170, "column": 12 }, "end": { "line": 170, "column": 20 } },
          { "start": { "line": 170, "column": 24 }, "end": { "line": 170, "column": 35 } }
        ]
      },
      "24": {
        "loc": { "start": { "line": 171, "column": 10 }, "end": { "line": 171, "column": 66 } },
        "type": "binary-expr",
        "locations": [
          { "start": { "line": 171, "column": 10 }, "end": { "line": 171, "column": 18 } },
          { "start": { "line": 171, "column": 22 }, "end": { "line": 171, "column": 66 } }
        ]
      },
      "25": {
        "loc": { "start": { "line": 174, "column": 10 }, "end": { "line": 181, "column": null } },
        "type": "if",
        "locations": [
          { "start": { "line": 174, "column": 10 }, "end": { "line": 181, "column": null } }
        ]
      },
      "26": {
        "loc": { "start": { "line": 189, "column": 8 }, "end": { "line": 191, "column": null } },
        "type": "if",
        "locations": [
          { "start": { "line": 189, "column": 8 }, "end": { "line": 191, "column": null } }
        ]
      },
      "27": {
        "loc": { "start": { "line": 196, "column": 8 }, "end": { "line": 198, "column": null } },
        "type": "if",
        "locations": [
          { "start": { "line": 196, "column": 8 }, "end": { "line": 198, "column": null } }
        ]
      },
      "28": {
        "loc": { "start": { "line": 204, "column": 8 }, "end": { "line": 222, "column": null } },
        "type": "if",
        "locations": [
          { "start": { "line": 204, "column": 8 }, "end": { "line": 222, "column": null } }
        ]
      },
      "29": {
        "loc": { "start": { "line": 204, "column": 12 }, "end": { "line": 204, "column": 46 } },
        "type": "binary-expr",
        "locations": [
          { "start": { "line": 204, "column": 12 }, "end": { "line": 204, "column": 19 } },
          { "start": { "line": 204, "column": 23 }, "end": { "line": 204, "column": 32 } },
          { "start": { "line": 204, "column": 36 }, "end": { "line": 204, "column": 46 } }
        ]
      }
    },
    "s": {
      "0": 0,
      "1": 0,
      "2": 0,
      "3": 0,
      "4": 0,
      "5": 0,
      "6": 0,
      "7": 0,
      "8": 0,
      "9": 0,
      "10": 0,
      "11": 0,
      "12": 0,
      "13": 0,
      "14": 0,
      "15": 0,
      "16": 0,
      "17": 0,
      "18": 0,
      "19": 0,
      "20": 0,
      "21": 0,
      "22": 0,
      "23": 0,
      "24": 0,
      "25": 0,
      "26": 0,
      "27": 0,
      "28": 0,
      "29": 0,
      "30": 0,
      "31": 0,
      "32": 0,
      "33": 0,
      "34": 0,
      "35": 0,
      "36": 0,
      "37": 0,
      "38": 0,
      "39": 0,
      "40": 0,
      "41": 0,
      "42": 0,
      "43": 0,
      "44": 0,
      "45": 0,
      "46": 0,
      "47": 0,
      "48": 0,
      "49": 0,
      "50": 0,
      "51": 0,
      "52": 0,
      "53": 0,
      "54": 0,
      "55": 0,
      "56": 0,
      "57": 0,
      "58": 0,
      "59": 0,
      "60": 0,
      "61": 0,
      "62": 0,
      "63": 0,
      "64": 0,
      "65": 0,
      "66": 0,
      "67": 0,
      "68": 0,
      "69": 0,
      "70": 0,
      "71": 0,
      "72": 0,
      "73": 0,
      "74": 0,
      "75": 0,
      "76": 0,
      "77": 0,
      "78": 0,
      "79": 0
    },
    "f": {
      "0": 0,
      "1": 0,
      "2": 0,
      "3": 0,
      "4": 0,
      "5": 0,
      "6": 0,
      "7": 0,
      "8": 0,
      "9": 0,
      "10": 0,
      "11": 0
    },
    "b": {
      "0": [0],
      "1": [0],
      "2": [0],
      "3": [0],
      "4": [0],
      "5": [0, 0],
      "6": [0],
      "7": [0, 0],
      "8": [0],
      "9": [0],
      "10": [0, 0],
      "11": [0],
      "12": [0, 0],
      "13": [0, 0],
      "14": [0],
      "15": [0, 0],
      "16": [0],
      "17": [0, 0],
      "18": [0, 0],
      "19": [0, 0],
      "20": [0, 0],
      "21": [0],
      "22": [0, 0],
      "23": [0, 0],
      "24": [0, 0],
      "25": [0],
      "26": [0],
      "27": [0],
      "28": [0],
      "29": [0, 0, 0]
    }
  },
  "/Users/twonian/work_space/gsdeFE/vite-plugin-theme/src/constants.ts": {
    "path": "/Users/twonian/work_space/gsdeFE/vite-plugin-theme/src/constants.ts",
    "statementMap": {
      "0": { "start": { "line": 1, "column": 0 }, "end": { "line": 1, "column": 24 } },
      "1": { "start": { "line": 2, "column": 0 }, "end": { "line": 2, "column": 37 } },
      "2": { "start": { "line": 4, "column": 13 }, "end": { "line": 4, "column": 49 } },
      "3": { "start": { "line": 6, "column": 13 }, "end": { "line": 8, "column": 2 } },
      "4": { "start": { "line": 10, "column": 13 }, "end": { "line": 12, "column": 2 } },
      "5": { "start": { "line": 14, "column": 13 }, "end": { "line": 14, "column": 81 } },
      "6": { "start": { "line": 16, "column": 13 }, "end": { "line": 16, "column": 62 } },
      "7": { "start": { "line": 18, "column": 17 }, "end": { "line": 18, "column": 69 } },
      "8": { "start": { "line": 20, "column": 13 }, "end": { "line": 20, "column": 110 } },
      "9": { "start": { "line": 22, "column": 13 }, "end": { "line": 22, "column": 49 } },
      "10": { "start": { "line": 24, "column": 13 }, "end": { "line": 24, "column": 44 } },
      "11": { "start": { "line": 26, "column": 13 }, "end": { "line": 26, "column": 46 } },
      "12": { "start": { "line": 27, "column": 13 }, "end": { "line": 27, "column": 36 } },
      "13": { "start": { "line": 28, "column": 13 }, "end": { "line": 28, "column": 46 } },
      "14": { "start": { "line": 29, "column": 13 }, "end": { "line": 29, "column": 33 } },
      "15": { "start": { "line": 30, "column": 13 }, "end": { "line": 30, "column": 47 } },
      "16": { "start": { "line": 32, "column": 13 }, "end": { "line": 32, "column": 67 } }
    },
    "fnMap": {},
    "branchMap": {},
    "s": {
      "0": 0,
      "1": 0,
      "2": 0,
      "3": 0,
      "4": 0,
      "5": 0,
      "6": 0,
      "7": 0,
      "8": 0,
      "9": 0,
      "10": 0,
      "11": 0,
      "12": 0,
      "13": 0,
      "14": 0,
      "15": 0,
      "16": 0
    },
    "f": {},
    "b": {}
  },
  "/Users/twonian/work_space/gsdeFE/vite-plugin-theme/src/index.ts": {
    "path": "/Users/twonian/work_space/gsdeFE/vite-plugin-theme/src/index.ts",
    "statementMap": {
      "0": { "start": { "line": 2, "column": 0 }, "end": { "line": 2, "column": 24 } },
      "1": { "start": { "line": 3, "column": 0 }, "end": { "line": 3, "column": 26 } },
      "2": { "start": { "line": 4, "column": 0 }, "end": { "line": 4, "column": 39 } },
      "3": { "start": { "line": 5, "column": 0 }, "end": { "line": 5, "column": 53 } },
      "4": { "start": { "line": 7, "column": 0 }, "end": { "line": 7, "column": 37 } },
      "5": { "start": { "line": 9, "column": 0 }, "end": { "line": 9, "column": 9 } },
      "6": { "start": { "line": 9, "column": 9 }, "end": { "line": 9, "column": 60 } },
      "7": { "start": { "line": 11, "column": 0 }, "end": { "line": 11, "column": 98 } },
      "8": { "start": { "line": 28, "column": 0 }, "end": { "line": 28, "column": 52 } },
      "9": { "start": { "line": 29, "column": 0 }, "end": { "line": 29, "column": 26 } },
      "10": { "start": { "line": 30, "column": 0 }, "end": { "line": 30, "column": 58 } },
      "11": { "start": { "line": 32, "column": 14 }, "end": { "line": 32, "column": 40 } },
      "12": { "start": { "line": 35, "column": 17 }, "end": { "line": 35, "column": 22 } },
      "13": { "start": { "line": 37, "column": 19 }, "end": { "line": 37, "column": 21 } },
      "14": { "start": { "line": 38, "column": 19 }, "end": { "line": 38, "column": 44 } },
      "15": { "start": { "line": 40, "column": 20 }, "end": { "line": 40, "column": 37 } },
      "16": { "start": { "line": 42, "column": 22 }, "end": { "line": 44, "column": 14 } },
      "17": { "start": { "line": 46, "column": 36 }, "end": { "line": 55, "column": null } },
      "18": { "start": { "line": 58, "column": 2 }, "end": { "line": 58, "column": 36 } },
      "19": { "start": { "line": 67, "column": 6 }, "end": { "line": 67, "column": 13 } },
      "20": { "start": { "line": 69, "column": 2 }, "end": { "line": 72, "column": null } },
      "21": { "start": { "line": 70, "column": 4 }, "end": { "line": 70, "column": 50 } },
      "22": { "start": { "line": 71, "column": 4 }, "end": { "line": 71, "column": 25 } },
      "23": { "start": { "line": 74, "column": 28 }, "end": { "line": 74, "column": 92 } },
      "24": { "start": { "line": 74, "column": 63 }, "end": { "line": 74, "column": 91 } },
      "25": { "start": { "line": 76, "column": 24 }, "end": { "line": 76, "column": 61 } },
      "26": { "start": { "line": 78, "column": 22 }, "end": { "line": 78, "column": 27 } },
      "27": { "start": { "line": 79, "column": 2 }, "end": { "line": 181, "column": 4 } },
      "28": { "start": { "line": 88, "column": 8 }, "end": { "line": 88, "column": 32 } },
      "29": { "start": { "line": 89, "column": 8 }, "end": { "line": 89, "column": 54 } },
      "30": { "start": { "line": 90, "column": 8 }, "end": { "line": 90, "column": 86 } },
      "31": { "start": { "line": 91, "column": 8 }, "end": { "line": 91, "column": 57 } },
      "32": { "start": { "line": 92, "column": 8 }, "end": { "line": 92, "column": 48 } },
      "33": { "start": { "line": 96, "column": 8 }, "end": { "line": 98, "column": null } },
      "34": { "start": { "line": 97, "column": 10 }, "end": { "line": 97, "column": 22 } },
      "35": { "start": { "line": 99, "column": 26 }, "end": { "line": 104, "column": 9 } },
      "36": { "start": { "line": 100, "column": 10 }, "end": { "line": 103, "column": 12 } },
      "37": { "start": { "line": 106, "column": 27 }, "end": { "line": 108, "column": 63 } },
      "38": { "start": { "line": 112, "column": 10 }, "end": { "line": 114, "column": 76 } },
      "39": { "start": { "line": 116, "column": 8 }, "end": { "line": 116, "column": 69 } },
      "40": { "start": { "line": 118, "column": 8 }, "end": { "line": 120, "column": null } },
      "41": { "start": { "line": 119, "column": 10 }, "end": { "line": 119, "column": 22 } },
      "42": { "start": { "line": 123, "column": 8 }, "end": { "line": 138, "column": null } },
      "43": { "start": { "line": 124, "column": 26 }, "end": { "line": 130, "column": 12 } },
      "44": { "start": { "line": 132, "column": 10 }, "end": { "line": 132, "column": 47 } },
      "45": { "start": { "line": 134, "column": 10 }, "end": { "line": 136, "column": null } },
      "46": { "start": { "line": 135, "column": 12 }, "end": { "line": 135, "column": 50 } },
      "47": { "start": { "line": 137, "column": 10 }, "end": { "line": 137, "column": 51 } },
      "48": { "start": { "line": 140, "column": 8 }, "end": { "line": 140, "column": 20 } },
      "49": { "start": { "line": 148, "column": 12 }, "end": { "line": 148, "column": 18 } },
      "50": { "start": { "line": 149, "column": 27 }, "end": { "line": 149, "column": 29 } },
      "51": { "start": { "line": 150, "column": 8 }, "end": { "line": 152, "column": null } },
      "52": { "start": { "line": 151, "column": 10 }, "end": { "line": 151, "column": 30 } },
      "53": { "start": { "line": 153, "column": 8 }, "end": { "line": 155, "column": null } },
      "54": { "start": { "line": 154, "column": 10 }, "end": { "line": 154, "column": 63 } },
      "55": { "start": { "line": 156, "column": 30 }, "end": { "line": 156, "column": 82 } },
      "56": { "start": { "line": 157, "column": 8 }, "end": { "line": 157, "column": 54 } },
      "57": { "start": { "line": 161, "column": 8 }, "end": { "line": 178, "column": null } },
      "58": { "start": { "line": 164, "column": 14 }, "end": { "line": 164, "column": 20 } },
      "59": { "start": { "line": 165, "column": 10 }, "end": { "line": 167, "column": 12 } },
      "60": { "start": { "line": 168, "column": 10 }, "end": { "line": 177, "column": 28 } },
      "61": { "start": { "line": 169, "column": 29 }, "end": { "line": 169, "column": 85 } },
      "62": { "start": { "line": 170, "column": 12 }, "end": { "line": 175, "column": 14 } },
      "63": { "start": { "line": 34, "column": 0 }, "end": { "line": 34, "column": 16 } },
      "64": { "start": { "line": 186, "column": 2 }, "end": { "line": 188, "column": null } },
      "65": { "start": { "line": 187, "column": 4 }, "end": { "line": 187, "column": 16 } },
      "66": { "start": { "line": 189, "column": 2 }, "end": { "line": 189, "column": 34 } },
      "67": { "start": { "line": 190, "column": 20 }, "end": { "line": 190, "column": 37 } },
      "68": { "start": { "line": 191, "column": 23 }, "end": { "line": 191, "column": 39 } },
      "69": { "start": { "line": 193, "column": 25 }, "end": { "line": 193, "column": 48 } },
      "70": { "start": { "line": 194, "column": 14 }, "end": { "line": 194, "column": 43 } },
      "71": { "start": { "line": 195, "column": 23 }, "end": { "line": 195, "column": 50 } },
      "72": { "start": { "line": 197, "column": 2 }, "end": { "line": 199, "column": null } },
      "73": { "start": { "line": 198, "column": 4 }, "end": { "line": 198, "column": 41 } },
      "74": { "start": { "line": 200, "column": 2 }, "end": { "line": 200, "column": 14 } }
    },
    "fnMap": {
      "0": {
        "name": "(anonymous_5)",
        "decl": { "start": { "line": 9, "column": 9 }, "end": { "line": 9, "column": 28 } },
        "loc": { "start": { "line": 9, "column": 9 }, "end": { "line": 9, "column": 60 } }
      },
      "1": {
        "name": "viteThemePlugin",
        "decl": { "start": { "line": 34, "column": 16 }, "end": { "line": 34, "column": 31 } },
        "loc": { "start": { "line": 34, "column": 53 }, "end": { "line": 182, "column": 1 } }
      },
      "2": {
        "name": "(anonymous_7)",
        "decl": { "start": { "line": 74, "column": 48 }, "end": { "line": 74, "column": 49 } },
        "loc": { "start": { "line": 74, "column": 63 }, "end": { "line": 74, "column": 91 } }
      },
      "3": {
        "name": "(anonymous_8)",
        "decl": { "start": { "line": 87, "column": 6 }, "end": { "line": 87, "column": 20 } },
        "loc": { "start": { "line": 87, "column": 35 }, "end": { "line": 93, "column": 7 } }
      },
      "4": {
        "name": "(anonymous_9)",
        "decl": { "start": { "line": 95, "column": 6 }, "end": { "line": 95, "column": 11 } },
        "loc": { "start": { "line": 95, "column": 30 }, "end": { "line": 141, "column": 7 } }
      },
      "5": {
        "name": "(anonymous_10)",
        "decl": { "start": { "line": 99, "column": 26 }, "end": { "line": 99, "column": 27 } },
        "loc": { "start": { "line": 99, "column": 46 }, "end": { "line": 104, "column": 9 } }
      },
      "6": {
        "name": "(anonymous_11)",
        "decl": { "start": { "line": 144, "column": 6 }, "end": { "line": 144, "column": 11 } },
        "loc": { "start": { "line": 144, "column": 23 }, "end": { "line": 158, "column": 7 } }
      },
      "7": {
        "name": "(anonymous_12)",
        "decl": { "start": { "line": 160, "column": 6 }, "end": { "line": 160, "column": 17 } },
        "loc": { "start": { "line": 160, "column": 17 }, "end": { "line": 179, "column": 7 } }
      },
      "8": {
        "name": "getClientStyleString",
        "decl": { "start": { "line": 185, "column": 15 }, "end": { "line": 185, "column": 35 } },
        "loc": { "start": { "line": 185, "column": 48 }, "end": { "line": 201, "column": 1 } }
      }
    },
    "branchMap": {
      "0": {
        "loc": { "start": { "line": 69, "column": 2 }, "end": { "line": 72, "column": null } },
        "type": "if",
        "locations": [
          { "start": { "line": 69, "column": 2 }, "end": { "line": 72, "column": null } }
        ]
      },
      "1": {
        "loc": { "start": { "line": 69, "column": 6 }, "end": { "line": 69, "column": 52 } },
        "type": "binary-expr",
        "locations": [
          { "start": { "line": 69, "column": 6 }, "end": { "line": 69, "column": 21 } },
          { "start": { "line": 69, "column": 25 }, "end": { "line": 69, "column": 52 } }
        ]
      },
      "2": {
        "loc": { "start": { "line": 74, "column": 28 }, "end": { "line": 74, "column": 92 } },
        "type": "binary-expr",
        "locations": [
          { "start": { "line": 74, "column": 28 }, "end": { "line": 74, "column": 43 } },
          { "start": { "line": 74, "column": 48 }, "end": { "line": 74, "column": 91 } }
        ]
      },
      "3": {
        "loc": { "start": { "line": 86, "column": 15 }, "end": { "line": 86, "column": 50 } },
        "type": "cond-expr",
        "locations": [
          { "start": { "line": 86, "column": 32 }, "end": { "line": 86, "column": 41 } },
          { "start": { "line": 86, "column": 44 }, "end": { "line": 86, "column": 50 } }
        ]
      },
      "4": {
        "loc": { "start": { "line": 96, "column": 8 }, "end": { "line": 98, "column": null } },
        "type": "if",
        "locations": [
          { "start": { "line": 96, "column": 8 }, "end": { "line": 98, "column": null } }
        ]
      },
      "5": {
        "loc": { "start": { "line": 101, "column": 17 }, "end": { "line": 101, "column": 67 } },
        "type": "cond-expr",
        "locations": [
          { "start": { "line": 101, "column": 33 }, "end": { "line": 101, "column": 60 } },
          { "start": { "line": 101, "column": 63 }, "end": { "line": 101, "column": 67 } }
        ]
      },
      "6": {
        "loc": { "start": { "line": 106, "column": 27 }, "end": { "line": 108, "column": 63 } },
        "type": "cond-expr",
        "locations": [
          { "start": { "line": 107, "column": 12 }, "end": { "line": 107, "column": 44 } },
          { "start": { "line": 108, "column": 12 }, "end": { "line": 108, "column": 63 } }
        ]
      },
      "7": {
        "loc": { "start": { "line": 112, "column": 10 }, "end": { "line": 114, "column": 76 } },
        "type": "cond-expr",
        "locations": [
          { "start": { "line": 113, "column": 14 }, "end": { "line": 113, "column": 49 } },
          { "start": { "line": 114, "column": 14 }, "end": { "line": 114, "column": 76 } }
        ]
      },
      "8": {
        "loc": { "start": { "line": 118, "column": 8 }, "end": { "line": 120, "column": null } },
        "type": "if",
        "locations": [
          { "start": { "line": 118, "column": 8 }, "end": { "line": 120, "column": null } }
        ]
      },
      "9": {
        "loc": { "start": { "line": 123, "column": 8 }, "end": { "line": 138, "column": null } },
        "type": "if",
        "locations": [
          { "start": { "line": 123, "column": 8 }, "end": { "line": 138, "column": null } },
          { "start": { "line": 133, "column": 15 }, "end": { "line": 138, "column": null } }
        ]
      },
      "10": {
        "loc": { "start": { "line": 134, "column": 10 }, "end": { "line": 136, "column": null } },
        "type": "if",
        "locations": [
          { "start": { "line": 134, "column": 10 }, "end": { "line": 136, "column": null } }
        ]
      },
      "11": {
        "loc": { "start": { "line": 153, "column": 8 }, "end": { "line": 155, "column": null } },
        "type": "if",
        "locations": [
          { "start": { "line": 153, "column": 8 }, "end": { "line": 155, "column": null } }
        ]
      },
      "12": {
        "loc": { "start": { "line": 161, "column": 8 }, "end": { "line": 178, "column": null } },
        "type": "if",
        "locations": [
          { "start": { "line": 161, "column": 8 }, "end": { "line": 178, "column": null } }
        ]
      },
      "13": {
        "loc": { "start": { "line": 161, "column": 12 }, "end": { "line": 161, "column": 32 } },
        "type": "binary-expr",
        "locations": [
          { "start": { "line": 161, "column": 12 }, "end": { "line": 161, "column": 19 } },
          { "start": { "line": 161, "column": 23 }, "end": { "line": 161, "column": 32 } }
        ]
      },
      "14": {
        "loc": { "start": { "line": 186, "column": 2 }, "end": { "line": 188, "column": null } },
        "type": "if",
        "locations": [
          { "start": { "line": 186, "column": 2 }, "end": { "line": 188, "column": null } }
        ]
      },
      "15": {
        "loc": { "start": { "line": 197, "column": 2 }, "end": { "line": 199, "column": null } },
        "type": "if",
        "locations": [
          { "start": { "line": 197, "column": 2 }, "end": { "line": 199, "column": null } }
        ]
      }
    },
    "s": {
      "0": 0,
      "1": 0,
      "2": 0,
      "3": 0,
      "4": 0,
      "5": 0,
      "6": 0,
      "7": 0,
      "8": 0,
      "9": 0,
      "10": 0,
      "11": 0,
      "12": 0,
      "13": 0,
      "14": 0,
      "15": 0,
      "16": 0,
      "17": 0,
      "18": 0,
      "19": 0,
      "20": 0,
      "21": 0,
      "22": 0,
      "23": 0,
      "24": 0,
      "25": 0,
      "26": 0,
      "27": 0,
      "28": 0,
      "29": 0,
      "30": 0,
      "31": 0,
      "32": 0,
      "33": 0,
      "34": 0,
      "35": 0,
      "36": 0,
      "37": 0,
      "38": 0,
      "39": 0,
      "40": 0,
      "41": 0,
      "42": 0,
      "43": 0,
      "44": 0,
      "45": 0,
      "46": 0,
      "47": 0,
      "48": 0,
      "49": 0,
      "50": 0,
      "51": 0,
      "52": 0,
      "53": 0,
      "54": 0,
      "55": 0,
      "56": 0,
      "57": 0,
      "58": 0,
      "59": 0,
      "60": 0,
      "61": 0,
      "62": 0,
      "63": 0,
      "64": 0,
      "65": 0,
      "66": 0,
      "67": 0,
      "68": 0,
      "69": 0,
      "70": 0,
      "71": 0,
      "72": 0,
      "73": 0,
      "74": 0
    },
    "f": { "0": 0, "1": 0, "2": 0, "3": 0, "4": 0, "5": 0, "6": 0, "7": 0, "8": 0 },
    "b": {
      "0": [0],
      "1": [0, 0],
      "2": [0, 0],
      "3": [0, 0],
      "4": [0],
      "5": [0, 0],
      "6": [0, 0],
      "7": [0, 0],
      "8": [0],
      "9": [0, 0],
      "10": [0],
      "11": [0],
      "12": [0],
      "13": [0, 0],
      "14": [0],
      "15": [0]
    }
  },
  "/Users/twonian/work_space/gsdeFE/vite-plugin-theme/src/injectClientPlugin.ts": {
    "path": "/Users/twonian/work_space/gsdeFE/vite-plugin-theme/src/injectClientPlugin.ts",
    "statementMap": {
      "0": { "start": { "line": 1, "column": 0 }, "end": { "line": 1, "column": 24 } },
      "1": { "start": { "line": 2, "column": 0 }, "end": { "line": 2, "column": 61 } },
      "2": { "start": { "line": 4, "column": 0 }, "end": { "line": 4, "column": 78 } },
      "3": { "start": { "line": 5, "column": 0 }, "end": { "line": 5, "column": 39 } },
      "4": { "start": { "line": 7, "column": 14 }, "end": { "line": 7, "column": 59 } },
      "5": { "start": { "line": 29, "column": 22 }, "end": { "line": 29, "column": 27 } },
      "6": { "start": { "line": 30, "column": 2 }, "end": { "line": 112, "column": 4 } },
      "7": { "start": { "line": 34, "column": 6 }, "end": { "line": 34, "column": 30 } },
      "8": { "start": { "line": 35, "column": 6 }, "end": { "line": 35, "column": 52 } },
      "9": { "start": { "line": 36, "column": 6 }, "end": { "line": 36, "column": 55 } },
      "10": { "start": { "line": 42, "column": 8 }, "end": { "line": 44, "column": null } },
      "11": { "start": { "line": 43, "column": 10 }, "end": { "line": 43, "column": 22 } },
      "12": { "start": { "line": 45, "column": 8 }, "end": { "line": 57, "column": 10 } },
      "13": { "start": { "line": 61, "column": 18 }, "end": { "line": 61, "column": 35 } },
      "14": { "start": { "line": 62, "column": 19 }, "end": { "line": 62, "column": 78 } },
      "15": { "start": { "line": 63, "column": 21 }, "end": { "line": 63, "column": 79 } },
      "16": { "start": { "line": 63, "column": 28 }, "end": { "line": 63, "column": 78 } },
      "17": { "start": { "line": 65, "column": 6 }, "end": { "line": 110, "column": null } },
      "18": { "start": { "line": 71, "column": 8 }, "end": { "line": 71, "column": 50 } },
      "19": { "start": { "line": 75, "column": 12 }, "end": { "line": 75, "column": 18 } },
      "20": { "start": { "line": 77, "column": 30 }, "end": { "line": 79, "column": 9 } },
      "21": { "start": { "line": 78, "column": 10 }, "end": { "line": 78, "column": 70 } },
      "22": { "start": { "line": 81, "column": 8 }, "end": { "line": 85, "column": null } },
      "23": { "start": { "line": 82, "column": 10 }, "end": { "line": 84, "column": 85 } },
      "24": { "start": { "line": 87, "column": 8 }, "end": { "line": 104, "column": null } },
      "25": { "start": { "line": 88, "column": 10 }, "end": { "line": 91, "column": 12 } },
      "26": { "start": { "line": 92, "column": 10 }, "end": { "line": 97, "column": null } },
      "27": { "start": { "line": 93, "column": 12 }, "end": { "line": 96, "column": 14 } },
      "28": { "start": { "line": 98, "column": 10 }, "end": { "line": 103, "column": null } },
      "29": { "start": { "line": 99, "column": 12 }, "end": { "line": 102, "column": 14 } },
      "30": { "start": { "line": 106, "column": 8 }, "end": { "line": 109, "column": 10 } },
      "31": { "start": { "line": 11, "column": 0 }, "end": { "line": 11, "column": 16 } }
    },
    "fnMap": {
      "0": {
        "name": "injectClientPlugin",
        "decl": { "start": { "line": 11, "column": 16 }, "end": { "line": 11, "column": 34 } },
        "loc": { "start": { "line": 25, "column": 3 }, "end": { "line": 113, "column": 1 } }
      },
      "1": {
        "name": "(anonymous_2)",
        "decl": { "start": { "line": 33, "column": 4 }, "end": { "line": 33, "column": 18 } },
        "loc": { "start": { "line": 33, "column": 33 }, "end": { "line": 37, "column": 5 } }
      },
      "2": {
        "name": "(anonymous_3)",
        "decl": { "start": { "line": 41, "column": 6 }, "end": { "line": 41, "column": 11 } },
        "loc": { "start": { "line": 41, "column": 24 }, "end": { "line": 58, "column": 7 } }
      },
      "3": {
        "name": "(anonymous_4)",
        "decl": { "start": { "line": 60, "column": 4 }, "end": { "line": 60, "column": 9 } },
        "loc": { "start": { "line": 60, "column": 28 }, "end": { "line": 111, "column": 5 } }
      },
      "4": {
        "name": "(anonymous_5)",
        "decl": { "start": { "line": 63, "column": 21 }, "end": { "line": 63, "column": 24 } },
        "loc": { "start": { "line": 63, "column": 28 }, "end": { "line": 63, "column": 78 } }
      },
      "5": {
        "name": "(anonymous_6)",
        "decl": { "start": { "line": 77, "column": 30 }, "end": { "line": 77, "column": 31 } },
        "loc": { "start": { "line": 77, "column": 48 }, "end": { "line": 79, "column": 9 } }
      }
    },
    "branchMap": {
      "0": {
        "loc": { "start": { "line": 42, "column": 8 }, "end": { "line": 44, "column": null } },
        "type": "if",
        "locations": [
          { "start": { "line": 42, "column": 8 }, "end": { "line": 44, "column": null } }
        ]
      },
      "1": {
        "loc": { "start": { "line": 63, "column": 28 }, "end": { "line": 63, "column": 78 } },
        "type": "cond-expr",
        "locations": [
          { "start": { "line": 63, "column": 44 }, "end": { "line": 63, "column": 71 } },
          { "start": { "line": 63, "column": 74 }, "end": { "line": 63, "column": 78 } }
        ]
      },
      "2": {
        "loc": { "start": { "line": 65, "column": 6 }, "end": { "line": 110, "column": null } },
        "type": "if",
        "locations": [
          { "start": { "line": 65, "column": 6 }, "end": { "line": 110, "column": null } }
        ]
      },
      "3": {
        "loc": { "start": { "line": 66, "column": 8 }, "end": { "line": 69, "column": 47 } },
        "type": "binary-expr",
        "locations": [
          { "start": { "line": 66, "column": 8 }, "end": { "line": 66, "column": 43 } },
          { "start": { "line": 67, "column": 8 }, "end": { "line": 67, "column": 26 } },
          { "start": { "line": 69, "column": 8 }, "end": { "line": 69, "column": 47 } }
        ]
      },
      "4": {
        "loc": { "start": { "line": 81, "column": 8 }, "end": { "line": 85, "column": null } },
        "type": "if",
        "locations": [
          { "start": { "line": 81, "column": 8 }, "end": { "line": 85, "column": null } }
        ]
      },
      "5": {
        "loc": { "start": { "line": 87, "column": 8 }, "end": { "line": 104, "column": null } },
        "type": "if",
        "locations": [
          { "start": { "line": 87, "column": 8 }, "end": { "line": 104, "column": null } }
        ]
      },
      "6": {
        "loc": { "start": { "line": 92, "column": 10 }, "end": { "line": 97, "column": null } },
        "type": "if",
        "locations": [
          { "start": { "line": 92, "column": 10 }, "end": { "line": 97, "column": null } }
        ]
      },
      "7": {
        "loc": { "start": { "line": 98, "column": 10 }, "end": { "line": 103, "column": null } },
        "type": "if",
        "locations": [
          { "start": { "line": 98, "column": 10 }, "end": { "line": 103, "column": null } }
        ]
      }
    },
    "s": {
      "0": 0,
      "1": 0,
      "2": 0,
      "3": 0,
      "4": 0,
      "5": 0,
      "6": 0,
      "7": 0,
      "8": 0,
      "9": 0,
      "10": 0,
      "11": 0,
      "12": 0,
      "13": 0,
      "14": 0,
      "15": 0,
      "16": 0,
      "17": 0,
      "18": 0,
      "19": 0,
      "20": 0,
      "21": 0,
      "22": 0,
      "23": 0,
      "24": 0,
      "25": 0,
      "26": 0,
      "27": 0,
      "28": 0,
      "29": 0,
      "30": 0,
      "31": 0
    },
    "f": { "0": 0, "1": 0, "2": 0, "3": 0, "4": 0, "5": 0 },
    "b": { "0": [0], "1": [0, 0], "2": [0], "3": [0, 0, 0], "4": [0], "5": [0], "6": [0], "7": [0] }
  },
  "/Users/twonian/work_space/gsdeFE/vite-plugin-theme/src/utils.ts": {
    "path": "/Users/twonian/work_space/gsdeFE/vite-plugin-theme/src/utils.ts",
    "statementMap": {
      "0": { "start": { "line": 2, "column": 0 }, "end": { "line": 2, "column": 36 } },
      "1": { "start": { "line": 4, "column": 0 }, "end": { "line": 4, "column": 99 } },
      "2": { "start": { "line": 5, "column": 0 }, "end": { "line": 5, "column": 33 } },
      "3": { "start": { "line": 7, "column": 2 }, "end": { "line": 18, "column": 4 } },
      "4": { "start": { "line": 11, "column": 10 }, "end": { "line": 15, "column": 41 } },
      "5": { "start": { "line": 6, "column": 0 }, "end": { "line": 6, "column": 16 } },
      "6": { "start": { "line": 22, "column": 20 }, "end": { "line": 27, "column": 21 } },
      "7": { "start": { "line": 24, "column": 18 }, "end": { "line": 24, "column": 33 } },
      "8": { "start": { "line": 25, "column": 6 }, "end": { "line": 25, "column": 49 } },
      "9": { "start": { "line": 28, "column": 2 }, "end": { "line": 28, "column": 42 } },
      "10": { "start": { "line": 21, "column": 0 }, "end": { "line": 21, "column": 16 } },
      "11": { "start": { "line": 32, "column": 2 }, "end": { "line": 32, "column": 42 } },
      "12": { "start": { "line": 33, "column": 2 }, "end": { "line": 33, "column": 31 } },
      "13": { "start": { "line": 34, "column": 2 }, "end": { "line": 34, "column": 37 } },
      "14": { "start": { "line": 35, "column": 2 }, "end": { "line": 35, "column": 51 } },
      "15": { "start": { "line": 36, "column": 2 }, "end": { "line": 36, "column": 51 } },
      "16": { "start": { "line": 37, "column": 2 }, "end": { "line": 37, "column": 50 } },
      "17": { "start": { "line": 38, "column": 2 }, "end": { "line": 38, "column": 11 } },
      "18": { "start": { "line": 31, "column": 0 }, "end": { "line": 31, "column": 16 } },
      "19": { "start": { "line": 42, "column": 2 }, "end": { "line": 42, "column": 57 } },
      "20": { "start": { "line": 41, "column": 0 }, "end": { "line": 41, "column": 16 } },
      "21": { "start": { "line": 49, "column": 14 }, "end": { "line": 52, "column": 16 } },
      "22": { "start": { "line": 54, "column": 2 }, "end": { "line": 57, "column": null } },
      "23": { "start": { "line": 55, "column": 4 }, "end": { "line": 55, "column": 62 } },
      "24": { "start": { "line": 56, "column": 4 }, "end": { "line": 56, "column": 24 } },
      "25": { "start": { "line": 59, "column": 2 }, "end": { "line": 61, "column": null } },
      "26": { "start": { "line": 60, "column": 4 }, "end": { "line": 60, "column": 72 } },
      "27": { "start": { "line": 63, "column": 2 }, "end": { "line": 63, "column": 20 } },
      "28": { "start": { "line": 48, "column": 0 }, "end": { "line": 48, "column": 7 } },
      "29": { "start": { "line": 73, "column": 2 }, "end": { "line": 73, "column": 55 } },
      "30": { "start": { "line": 74, "column": 2 }, "end": { "line": 74, "column": 37 } },
      "31": { "start": { "line": 76, "column": 20 }, "end": { "line": 76, "column": 42 } },
      "32": { "start": { "line": 77, "column": 2 }, "end": { "line": 79, "column": null } },
      "33": { "start": { "line": 78, "column": 4 }, "end": { "line": 78, "column": 14 } },
      "34": { "start": { "line": 81, "column": 29 }, "end": { "line": 81, "column": 31 } },
      "35": { "start": { "line": 83, "column": 22 }, "end": { "line": 83, "column": 53 } },
      "36": { "start": { "line": 85, "column": 2 }, "end": { "line": 125, "column": null } },
      "37": { "start": { "line": 85, "column": 19 }, "end": { "line": 85, "column": 20 } },
      "38": { "start": { "line": 86, "column": 21 }, "end": { "line": 86, "column": 37 } },
      "39": { "start": { "line": 87, "column": 4 }, "end": { "line": 89, "column": null } },
      "40": { "start": { "line": 88, "column": 6 }, "end": { "line": 88, "column": 15 } },
      "41": { "start": { "line": 91, "column": 24 }, "end": { "line": 91, "column": 58 } },
      "42": { "start": { "line": 92, "column": 4 }, "end": { "line": 94, "column": null } },
      "43": { "start": { "line": 93, "column": 6 }, "end": { "line": 93, "column": 15 } },
      "44": { "start": { "line": 96, "column": 4 }, "end": { "line": 104, "column": null } },
      "45": { "start": { "line": 97, "column": 6 }, "end": { "line": 102, "column": 11 } },
      "46": { "start": { "line": 103, "column": 6 }, "end": { "line": 103, "column": 15 } },
      "47": { "start": { "line": 106, "column": 21 }, "end": { "line": 113, "column": null } },
      "48": { "start": { "line": 116, "column": 34 }, "end": { "line": 116, "column": 69 } },
      "49": { "start": { "line": 118, "column": 4 }, "end": { "line": 120, "column": null } },
      "50": { "start": { "line": 119, "column": 6 }, "end": { "line": 119, "column": 15 } },
      "51": { "start": { "line": 122, "column": 4 }, "end": { "line": 124, "column": 44 } },
      "52": { "start": { "line": 127, "column": 2 }, "end": { "line": 127, "column": 30 } },
      "53": { "start": { "line": 67, "column": 0 }, "end": { "line": 67, "column": 16 } }
    },
    "fnMap": {
      "0": {
        "name": "getVariablesReg",
        "decl": { "start": { "line": 6, "column": 16 }, "end": { "line": 6, "column": 31 } },
        "loc": { "start": { "line": 6, "column": 48 }, "end": { "line": 19, "column": 1 } }
      },
      "1": {
        "name": "(anonymous_2)",
        "decl": { "start": { "line": 10, "column": 8 }, "end": { "line": 10, "column": 9 } },
        "loc": { "start": { "line": 11, "column": 10 }, "end": { "line": 15, "column": 41 } }
      },
      "2": {
        "name": "combineRegs",
        "decl": { "start": { "line": 21, "column": 16 }, "end": { "line": 21, "column": 27 } },
        "loc": { "start": { "line": 21, "column": 75 }, "end": { "line": 29, "column": 1 } }
      },
      "3": {
        "name": "(anonymous_4)",
        "decl": { "start": { "line": 23, "column": 9 }, "end": { "line": 23, "column": 10 } },
        "loc": { "start": { "line": 23, "column": 18 }, "end": { "line": 26, "column": 5 } }
      },
      "4": {
        "name": "formatCss",
        "decl": { "start": { "line": 31, "column": 16 }, "end": { "line": 31, "column": 25 } },
        "loc": { "start": { "line": 31, "column": 35 }, "end": { "line": 39, "column": 1 } }
      },
      "5": {
        "name": "createFileHash",
        "decl": { "start": { "line": 41, "column": 16 }, "end": { "line": 41, "column": 30 } },
        "loc": { "start": { "line": 41, "column": 30 }, "end": { "line": 43, "column": 1 } }
      },
      "6": {
        "name": "minifyCSS",
        "decl": { "start": { "line": 48, "column": 22 }, "end": { "line": 48, "column": 31 } },
        "loc": { "start": { "line": 48, "column": 67 }, "end": { "line": 64, "column": 1 } }
      },
      "7": {
        "name": "extractVariable",
        "decl": { "start": { "line": 67, "column": 16 }, "end": { "line": 67, "column": 31 } },
        "loc": { "start": { "line": 71, "column": 18 }, "end": { "line": 128, "column": 1 } }
      }
    },
    "branchMap": {
      "0": {
        "loc": { "start": { "line": 21, "column": 28 }, "end": { "line": 21, "column": 42 } },
        "type": "default-arg",
        "locations": [
          { "start": { "line": 21, "column": 40 }, "end": { "line": 21, "column": 42 } }
        ]
      },
      "1": {
        "loc": { "start": { "line": 21, "column": 44 }, "end": { "line": 21, "column": 59 } },
        "type": "default-arg",
        "locations": [
          { "start": { "line": 21, "column": 57 }, "end": { "line": 21, "column": 59 } }
        ]
      },
      "2": {
        "loc": { "start": { "line": 54, "column": 2 }, "end": { "line": 57, "column": null } },
        "type": "if",
        "locations": [
          { "start": { "line": 54, "column": 2 }, "end": { "line": 57, "column": null } }
        ]
      },
      "3": {
        "loc": { "start": { "line": 54, "column": 6 }, "end": { "line": 54, "column": 37 } },
        "type": "binary-expr",
        "locations": [
          { "start": { "line": 54, "column": 6 }, "end": { "line": 54, "column": 16 } },
          { "start": { "line": 54, "column": 20 }, "end": { "line": 54, "column": 37 } }
        ]
      },
      "4": {
        "loc": { "start": { "line": 59, "column": 2 }, "end": { "line": 61, "column": null } },
        "type": "if",
        "locations": [
          { "start": { "line": 59, "column": 2 }, "end": { "line": 61, "column": null } }
        ]
      },
      "5": {
        "loc": { "start": { "line": 59, "column": 6 }, "end": { "line": 59, "column": 41 } },
        "type": "binary-expr",
        "locations": [
          { "start": { "line": 59, "column": 6 }, "end": { "line": 59, "column": 18 } },
          { "start": { "line": 59, "column": 22 }, "end": { "line": 59, "column": 41 } }
        ]
      },
      "6": {
        "loc": { "start": { "line": 77, "column": 2 }, "end": { "line": 79, "column": null } },
        "type": "if",
        "locations": [
          { "start": { "line": 77, "column": 2 }, "end": { "line": 79, "column": null } }
        ]
      },
      "7": {
        "loc": { "start": { "line": 77, "column": 6 }, "end": { "line": 77, "column": 42 } },
        "type": "binary-expr",
        "locations": [
          { "start": { "line": 77, "column": 6 }, "end": { "line": 77, "column": 16 } },
          { "start": { "line": 77, "column": 20 }, "end": { "line": 77, "column": 42 } }
        ]
      },
      "8": {
        "loc": { "start": { "line": 87, "column": 4 }, "end": { "line": 89, "column": null } },
        "type": "if",
        "locations": [
          { "start": { "line": 87, "column": 4 }, "end": { "line": 89, "column": null } }
        ]
      },
      "9": {
        "loc": { "start": { "line": 87, "column": 8 }, "end": { "line": 87, "column": 48 } },
        "type": "binary-expr",
        "locations": [
          { "start": { "line": 87, "column": 8 }, "end": { "line": 87, "column": 35 } },
          { "start": { "line": 87, "column": 39 }, "end": { "line": 87, "column": 48 } }
        ]
      },
      "10": {
        "loc": { "start": { "line": 91, "column": 24 }, "end": { "line": 91, "column": 58 } },
        "type": "binary-expr",
        "locations": [
          { "start": { "line": 91, "column": 24 }, "end": { "line": 91, "column": 52 } },
          { "start": { "line": 91, "column": 56 }, "end": { "line": 91, "column": 58 } }
        ]
      },
      "11": {
        "loc": { "start": { "line": 92, "column": 4 }, "end": { "line": 94, "column": null } },
        "type": "if",
        "locations": [
          { "start": { "line": 92, "column": 4 }, "end": { "line": 94, "column": null } }
        ]
      },
      "12": {
        "loc": { "start": { "line": 96, "column": 4 }, "end": { "line": 104, "column": null } },
        "type": "if",
        "locations": [
          { "start": { "line": 96, "column": 4 }, "end": { "line": 104, "column": null } }
        ]
      },
      "13": {
        "loc": { "start": { "line": 116, "column": 49 }, "end": { "line": 116, "column": 68 } },
        "type": "binary-expr",
        "locations": [
          { "start": { "line": 116, "column": 49 }, "end": { "line": 116, "column": 56 } },
          { "start": { "line": 116, "column": 60 }, "end": { "line": 116, "column": 68 } }
        ]
      },
      "14": {
        "loc": { "start": { "line": 118, "column": 4 }, "end": { "line": 120, "column": null } },
        "type": "if",
        "locations": [
          { "start": { "line": 118, "column": 4 }, "end": { "line": 120, "column": null } }
        ]
      },
      "15": {
        "loc": { "start": { "line": 123, "column": 6 }, "end": { "line": 123, "column": null } },
        "type": "cond-expr",
        "locations": [
          { "start": { "line": 123, "column": 24 }, "end": { "line": 123, "column": 52 } },
          { "start": { "line": 123, "column": 55 }, "end": { "line": 123, "column": null } }
        ]
      }
    },
    "s": {
      "0": 0,
      "1": 0,
      "2": 0,
      "3": 0,
      "4": 0,
      "5": 0,
      "6": 0,
      "7": 0,
      "8": 0,
      "9": 0,
      "10": 0,
      "11": 0,
      "12": 0,
      "13": 0,
      "14": 0,
      "15": 0,
      "16": 0,
      "17": 0,
      "18": 0,
      "19": 0,
      "20": 0,
      "21": 0,
      "22": 0,
      "23": 0,
      "24": 0,
      "25": 0,
      "26": 0,
      "27": 0,
      "28": 0,
      "29": 0,
      "30": 0,
      "31": 0,
      "32": 0,
      "33": 0,
      "34": 0,
      "35": 0,
      "36": 0,
      "37": 0,
      "38": 0,
      "39": 0,
      "40": 0,
      "41": 0,
      "42": 0,
      "43": 0,
      "44": 0,
      "45": 0,
      "46": 0,
      "47": 0,
      "48": 0,
      "49": 0,
      "50": 0,
      "51": 0,
      "52": 0,
      "53": 0
    },
    "f": { "0": 0, "1": 0, "2": 0, "3": 0, "4": 0, "5": 0, "6": 0, "7": 0 },
    "b": {
      "0": [0],
      "1": [0],
      "2": [0],
      "3": [0, 0],
      "4": [0],
      "5": [0, 0],
      "6": [0],
      "7": [0, 0],
      "8": [0],
      "9": [0, 0],
      "10": [0, 0],
      "11": [0],
      "12": [0],
      "13": [0, 0],
      "14": [0],
      "15": [0, 0]
    }
  },
  "/Users/twonian/work_space/gsdeFE/vite-plugin-theme/src/esbuild/less.ts": {
    "path": "/Users/twonian/work_space/gsdeFE/vite-plugin-theme/src/esbuild/less.ts",
    "statementMap": {
      "0": { "start": { "line": 1, "column": 0 }, "end": { "line": 1, "column": 24 } },
      "1": { "start": { "line": 3, "column": 0 }, "end": { "line": 3, "column": 24 } },
      "2": { "start": { "line": 6, "column": 26 }, "end": { "line": 40, "column": 1 } },
      "3": { "start": { "line": 7, "column": 2 }, "end": { "line": 39, "column": 4 } },
      "4": { "start": { "line": 10, "column": 6 }, "end": { "line": 19, "column": 9 } },
      "5": { "start": { "line": 11, "column": 25 }, "end": { "line": 14, "column": null } },
      "6": { "start": { "line": 16, "column": 8 }, "end": { "line": 18, "column": 10 } },
      "7": { "start": { "line": 22, "column": 6 }, "end": { "line": 37, "column": 9 } },
      "8": { "start": { "line": 23, "column": 20 }, "end": { "line": 23, "column": 43 } },
      "9": { "start": { "line": 24, "column": 8 }, "end": { "line": 36, "column": 22 } },
      "10": { "start": { "line": 25, "column": 25 }, "end": { "line": 28, "column": 12 } },
      "11": { "start": { "line": 30, "column": 10 }, "end": { "line": 34, "column": 12 } },
      "12": { "start": { "line": 6, "column": 13 }, "end": { "line": 6, "column": 26 } }
    },
    "fnMap": {
      "0": {
        "name": "(anonymous_1)",
        "decl": { "start": { "line": 6, "column": 26 }, "end": { "line": 6, "column": 27 } },
        "loc": { "start": { "line": 6, "column": 74 }, "end": { "line": 40, "column": 1 } }
      },
      "1": {
        "name": "(anonymous_2)",
        "decl": { "start": { "line": 9, "column": 11 }, "end": { "line": 9, "column": 12 } },
        "loc": { "start": { "line": 9, "column": 21 }, "end": { "line": 38, "column": 5 } }
      },
      "2": {
        "name": "(anonymous_3)",
        "decl": { "start": { "line": 10, "column": 64 }, "end": { "line": 10, "column": 65 } },
        "loc": { "start": { "line": 10, "column": 73 }, "end": { "line": 19, "column": 7 } }
      },
      "3": {
        "name": "(anonymous_4)",
        "decl": { "start": { "line": 22, "column": 61 }, "end": { "line": 22, "column": 66 } },
        "loc": { "start": { "line": 22, "column": 76 }, "end": { "line": 37, "column": 7 } }
      }
    },
    "branchMap": {
      "0": {
        "loc": { "start": { "line": 6, "column": 36 }, "end": { "line": 6, "column": 62 } },
        "type": "default-arg",
        "locations": [{ "start": { "line": 6, "column": 60 }, "end": { "line": 6, "column": 62 } }]
      },
      "1": {
        "loc": { "start": { "line": 27, "column": 24 }, "end": { "line": 27, "column": 43 } },
        "type": "binary-expr",
        "locations": [
          { "start": { "line": 27, "column": 24 }, "end": { "line": 27, "column": 37 } },
          { "start": { "line": 27, "column": 41 }, "end": { "line": 27, "column": 43 } }
        ]
      }
    },
    "s": {
      "0": 0,
      "1": 0,
      "2": 0,
      "3": 0,
      "4": 0,
      "5": 0,
      "6": 0,
      "7": 0,
      "8": 0,
      "9": 0,
      "10": 0,
      "11": 0,
      "12": 0
    },
    "f": { "0": 0, "1": 0, "2": 0, "3": 0 },
    "b": { "0": [0], "1": [0, 0] }
  },
  "/Users/twonian/work_space/gsdeFE/vite-plugin-theme/src/preprocessor/less/index.ts": {
    "path": "/Users/twonian/work_space/gsdeFE/vite-plugin-theme/src/preprocessor/less/index.ts",
    "statementMap": {
      "0": { "start": { "line": 1, "column": 0 }, "end": { "line": 1, "column": 24 } },
      "1": { "start": { "line": 2, "column": 0 }, "end": { "line": 2, "column": 20 } },
      "2": { "start": { "line": 3, "column": 0 }, "end": { "line": 3, "column": 60 } },
      "3": { "start": { "line": 4, "column": 0 }, "end": { "line": 4, "column": 24 } },
      "4": { "start": { "line": 14, "column": 13 }, "end": { "line": 14, "column": 44 } },
      "5": { "start": { "line": 15, "column": 29 }, "end": { "line": 15, "column": 66 } },
      "6": { "start": { "line": 15, "column": 46 }, "end": { "line": 15, "column": 66 } },
      "7": { "start": { "line": 15, "column": 13 }, "end": { "line": 15, "column": 29 } },
      "8": { "start": { "line": 17, "column": 13 }, "end": { "line": 17, "column": 38 } },
      "9": { "start": { "line": 18, "column": 25 }, "end": { "line": 18, "column": 61 } },
      "10": { "start": { "line": 18, "column": 42 }, "end": { "line": 18, "column": 61 } },
      "11": { "start": { "line": 18, "column": 13 }, "end": { "line": 18, "column": 25 } },
      "12": { "start": { "line": 20, "column": 17 }, "end": { "line": 20, "column": 57 } },
      "13": { "start": { "line": 29, "column": 2 }, "end": { "line": 70, "column": null } },
      "14": { "start": { "line": 30, "column": 4 }, "end": { "line": 69, "column": 6 } },
      "15": { "start": { "line": 35, "column": 8 }, "end": { "line": 35, "column": 16 } },
      "16": { "start": { "line": 36, "column": 8 }, "end": { "line": 36, "column": 33 } },
      "17": { "start": { "line": 37, "column": 8 }, "end": { "line": 37, "column": 35 } },
      "18": { "start": { "line": 38, "column": 8 }, "end": { "line": 38, "column": 27 } },
      "19": { "start": { "line": 41, "column": 8 }, "end": { "line": 41, "column": 20 } },
      "20": { "start": { "line": 44, "column": 8 }, "end": { "line": 44, "column": 21 } },
      "21": { "start": { "line": 52, "column": 25 }, "end": { "line": 52, "column": 81 } },
      "22": { "start": { "line": 53, "column": 8 }, "end": { "line": 67, "column": null } },
      "23": { "start": { "line": 54, "column": 25 }, "end": { "line": 54, "column": 78 } },
      "24": { "start": { "line": 56, "column": 10 }, "end": { "line": 60, "column": null } },
      "25": { "start": { "line": 57, "column": 12 }, "end": { "line": 57, "column": 39 } },
      "26": { "start": { "line": 59, "column": 12 }, "end": { "line": 59, "column": 58 } },
      "27": { "start": { "line": 61, "column": 10 }, "end": { "line": 64, "column": 12 } },
      "28": { "start": { "line": 66, "column": 10 }, "end": { "line": 66, "column": 58 } },
      "29": { "start": { "line": 72, "column": 2 }, "end": { "line": 77, "column": 4 } },
      "30": { "start": { "line": 74, "column": 6 }, "end": { "line": 74, "column": 84 } },
      "31": { "start": { "line": 81, "column": 20 }, "end": { "line": 81, "column": 46 } },
      "32": { "start": { "line": 82, "column": 2 }, "end": { "line": 82, "column": 67 } },
      "33": { "start": { "line": 80, "column": 0 }, "end": { "line": 80, "column": 16 } },
      "34": { "start": { "line": 87, "column": 2 }, "end": { "line": 99, "column": 4 } },
      "35": { "start": { "line": 89, "column": 6 }, "end": { "line": 97, "column": 8 } },
      "36": { "start": { "line": 107, "column": 2 }, "end": { "line": 107, "column": 28 } },
      "37": { "start": { "line": 109, "column": 18 }, "end": { "line": 109, "column": 36 } },
      "38": { "start": { "line": 110, "column": 18 }, "end": { "line": 110, "column": 40 } },
      "39": { "start": { "line": 111, "column": 2 }, "end": { "line": 113, "column": null } },
      "40": { "start": { "line": 112, "column": 4 }, "end": { "line": 112, "column": 20 } },
      "41": { "start": { "line": 115, "column": 18 }, "end": { "line": 115, "column": 48 } },
      "42": { "start": { "line": 116, "column": 2 }, "end": { "line": 118, "column": null } },
      "43": { "start": { "line": 117, "column": 4 }, "end": { "line": 117, "column": 20 } },
      "44": { "start": { "line": 119, "column": 18 }, "end": { "line": 131, "column": 4 } },
      "45": { "start": { "line": 120, "column": 4 }, "end": { "line": 120, "column": 40 } },
      "46": { "start": { "line": 120, "column": 29 }, "end": { "line": 120, "column": 40 } },
      "47": { "start": { "line": 122, "column": 4 }, "end": { "line": 127, "column": null } },
      "48": { "start": { "line": 123, "column": 22 }, "end": { "line": 123, "column": 86 } },
      "49": { "start": { "line": 124, "column": 6 }, "end": { "line": 126, "column": null } },
      "50": { "start": { "line": 125, "column": 8 }, "end": { "line": 125, "column": 19 } },
      "51": { "start": { "line": 128, "column": 21 }, "end": { "line": 128, "column": 47 } },
      "52": { "start": { "line": 129, "column": 21 }, "end": { "line": 129, "column": 53 } },
      "53": { "start": { "line": 130, "column": 4 }, "end": { "line": 130, "column": 35 } },
      "54": { "start": { "line": 132, "column": 2 }, "end": { "line": 135, "column": 4 } },
      "55": { "start": { "line": 139, "column": 2 }, "end": { "line": 142, "column": 5 } },
      "56": { "start": { "line": 140, "column": 30 }, "end": { "line": 140, "column": 35 } },
      "57": { "start": { "line": 141, "column": 4 }, "end": { "line": 141, "column": 57 } },
      "58": { "start": { "line": 151, "column": 18 }, "end": { "line": 151, "column": 23 } },
      "59": { "start": { "line": 152, "column": 18 }, "end": { "line": 152, "column": 20 } },
      "60": { "start": { "line": 153, "column": 2 }, "end": { "line": 157, "column": null } },
      "61": { "start": { "line": 154, "column": 4 }, "end": { "line": 154, "column": 49 } },
      "62": { "start": { "line": 155, "column": 4 }, "end": { "line": 155, "column": 39 } },
      "63": { "start": { "line": 156, "column": 4 }, "end": { "line": 156, "column": 63 } },
      "64": { "start": { "line": 158, "column": 2 }, "end": { "line": 158, "column": 25 } },
      "65": { "start": { "line": 159, "column": 2 }, "end": { "line": 159, "column": 19 } },
      "66": { "start": { "line": 145, "column": 0 }, "end": { "line": 145, "column": 7 } },
      "67": { "start": { "line": 163, "column": 13 }, "end": { "line": 163, "column": 15 } },
      "68": { "start": { "line": 164, "column": 16 }, "end": { "line": 164, "column": 25 } },
      "69": { "start": { "line": 165, "column": 2 }, "end": { "line": 168, "column": null } },
      "70": { "start": { "line": 166, "column": 4 }, "end": { "line": 166, "column": 17 } },
      "71": { "start": { "line": 167, "column": 4 }, "end": { "line": 167, "column": 33 } },
      "72": { "start": { "line": 169, "column": 2 }, "end": { "line": 171, "column": null } },
      "73": { "start": { "line": 170, "column": 4 }, "end": { "line": 170, "column": 19 } },
      "74": { "start": { "line": 173, "column": 2 }, "end": { "line": 173, "column": 56 } }
    },
    "fnMap": {
      "0": {
        "name": "(anonymous_1)",
        "decl": { "start": { "line": 15, "column": 29 }, "end": { "line": 15, "column": 30 } },
        "loc": { "start": { "line": 15, "column": 46 }, "end": { "line": 15, "column": 66 } }
      },
      "1": {
        "name": "(anonymous_2)",
        "decl": { "start": { "line": 18, "column": 25 }, "end": { "line": 18, "column": 26 } },
        "loc": { "start": { "line": 18, "column": 42 }, "end": { "line": 18, "column": 61 } }
      },
      "2": {
        "name": "createViteLessPlugin",
        "decl": { "start": { "line": 24, "column": 9 }, "end": { "line": 24, "column": 29 } },
        "loc": { "start": { "line": 27, "column": 32 }, "end": { "line": 78, "column": 1 } }
      },
      "3": {
        "name": "(anonymous_4)",
        "decl": { "start": { "line": 34, "column": 6 }, "end": { "line": 34, "column": 18 } },
        "loc": { "start": { "line": 34, "column": 72 }, "end": { "line": 39, "column": 7 } }
      },
      "4": {
        "name": "(anonymous_5)",
        "decl": { "start": { "line": 40, "column": 6 }, "end": { "line": 40, "column": 14 } },
        "loc": { "start": { "line": 40, "column": 14 }, "end": { "line": 42, "column": 7 } }
      },
      "5": {
        "name": "(anonymous_6)",
        "decl": { "start": { "line": 43, "column": 6 }, "end": { "line": 43, "column": 18 } },
        "loc": { "start": { "line": 43, "column": 18 }, "end": { "line": 45, "column": 7 } }
      },
      "6": {
        "name": "(anonymous_7)",
        "decl": { "start": { "line": 46, "column": 6 }, "end": { "line": 46, "column": 11 } },
        "loc": { "start": { "line": 50, "column": 16 }, "end": { "line": 68, "column": 7 } }
      },
      "7": {
        "name": "(anonymous_8)",
        "decl": { "start": { "line": 73, "column": 4 }, "end": { "line": 73, "column": 11 } },
        "loc": { "start": { "line": 73, "column": 28 }, "end": { "line": 75, "column": 5 } }
      },
      "8": {
        "name": "lessPlugin",
        "decl": { "start": { "line": 80, "column": 16 }, "end": { "line": 80, "column": 26 } },
        "loc": { "start": { "line": 80, "column": 53 }, "end": { "line": 83, "column": 1 } }
      },
      "9": {
        "name": "createCSSResolvers",
        "decl": { "start": { "line": 85, "column": 9 }, "end": { "line": 85, "column": 27 } },
        "loc": { "start": { "line": 85, "column": 50 }, "end": { "line": 100, "column": 1 } }
      },
      "10": {
        "name": "(anonymous_11)",
        "decl": { "start": { "line": 88, "column": 4 }, "end": { "line": 88, "column": 8 } },
        "loc": { "start": { "line": 88, "column": 12 }, "end": { "line": 98, "column": 5 } }
      },
      "11": {
        "name": "rebaseUrls",
        "decl": { "start": { "line": 106, "column": 15 }, "end": { "line": 106, "column": 25 } },
        "loc": { "start": { "line": 106, "column": 72 }, "end": { "line": 136, "column": 1 } }
      },
      "12": {
        "name": "(anonymous_13)",
        "decl": { "start": { "line": 119, "column": 48 }, "end": { "line": 119, "column": 49 } },
        "loc": { "start": { "line": 119, "column": 56 }, "end": { "line": 131, "column": 3 } }
      },
      "13": {
        "name": "rewriteCssUrls",
        "decl": { "start": { "line": 138, "column": 9 }, "end": { "line": 138, "column": 23 } },
        "loc": { "start": { "line": 138, "column": 61 }, "end": { "line": 143, "column": 1 } }
      },
      "14": {
        "name": "(anonymous_15)",
        "decl": { "start": { "line": 139, "column": 37 }, "end": { "line": 139, "column": 42 } },
        "loc": { "start": { "line": 139, "column": 53 }, "end": { "line": 142, "column": 3 } }
      },
      "15": {
        "name": "asyncReplace",
        "decl": { "start": { "line": 145, "column": 22 }, "end": { "line": 145, "column": 34 } },
        "loc": { "start": { "line": 148, "column": 64 }, "end": { "line": 160, "column": 1 } }
      },
      "16": {
        "name": "doUrlReplace",
        "decl": { "start": { "line": 162, "column": 15 }, "end": { "line": 162, "column": 27 } },
        "loc": { "start": { "line": 162, "column": 85 }, "end": { "line": 174, "column": 1 } }
      }
    },
    "branchMap": {
      "0": {
        "loc": { "start": { "line": 29, "column": 2 }, "end": { "line": 70, "column": null } },
        "type": "if",
        "locations": [
          { "start": { "line": 29, "column": 2 }, "end": { "line": 70, "column": null } }
        ]
      },
      "1": {
        "loc": { "start": { "line": 53, "column": 8 }, "end": { "line": 67, "column": null } },
        "type": "if",
        "locations": [
          { "start": { "line": 53, "column": 8 }, "end": { "line": 67, "column": null } },
          { "start": { "line": 65, "column": 15 }, "end": { "line": 67, "column": null } }
        ]
      },
      "2": {
        "loc": { "start": { "line": 56, "column": 10 }, "end": { "line": 60, "column": null } },
        "type": "if",
        "locations": [
          { "start": { "line": 56, "column": 10 }, "end": { "line": 60, "column": null } },
          { "start": { "line": 58, "column": 17 }, "end": { "line": 60, "column": null } }
        ]
      },
      "3": {
        "loc": { "start": { "line": 56, "column": 14 }, "end": { "line": 56, "column": 44 } },
        "type": "binary-expr",
        "locations": [
          { "start": { "line": 56, "column": 14 }, "end": { "line": 56, "column": 20 } },
          { "start": { "line": 56, "column": 24 }, "end": { "line": 56, "column": 44 } }
        ]
      },
      "4": {
        "loc": { "start": { "line": 90, "column": 8 }, "end": { "line": 96, "column": 11 } },
        "type": "binary-expr",
        "locations": [
          { "start": { "line": 90, "column": 8 }, "end": { "line": 90, "column": 19 } },
          { "start": { "line": 91, "column": 9 }, "end": { "line": 96, "column": 10 } }
        ]
      },
      "5": {
        "loc": { "start": { "line": 111, "column": 2 }, "end": { "line": 113, "column": null } },
        "type": "if",
        "locations": [
          { "start": { "line": 111, "column": 2 }, "end": { "line": 113, "column": null } }
        ]
      },
      "6": {
        "loc": { "start": { "line": 116, "column": 2 }, "end": { "line": 118, "column": null } },
        "type": "if",
        "locations": [
          { "start": { "line": 116, "column": 2 }, "end": { "line": 118, "column": null } }
        ]
      },
      "7": {
        "loc": { "start": { "line": 120, "column": 4 }, "end": { "line": 120, "column": 40 } },
        "type": "if",
        "locations": [
          { "start": { "line": 120, "column": 4 }, "end": { "line": 120, "column": 40 } }
        ]
      },
      "8": {
        "loc": { "start": { "line": 123, "column": 22 }, "end": { "line": 123, "column": 86 } },
        "type": "cond-expr",
        "locations": [
          { "start": { "line": 123, "column": 49 }, "end": { "line": 123, "column": 69 } },
          { "start": { "line": 123, "column": 72 }, "end": { "line": 123, "column": 86 } }
        ]
      },
      "9": {
        "loc": { "start": { "line": 124, "column": 6 }, "end": { "line": 126, "column": null } },
        "type": "if",
        "locations": [
          { "start": { "line": 124, "column": 6 }, "end": { "line": 126, "column": null } }
        ]
      },
      "10": {
        "loc": { "start": { "line": 165, "column": 2 }, "end": { "line": 168, "column": null } },
        "type": "if",
        "locations": [
          { "start": { "line": 165, "column": 2 }, "end": { "line": 168, "column": null } }
        ]
      },
      "11": {
        "loc": { "start": { "line": 165, "column": 6 }, "end": { "line": 165, "column": 36 } },
        "type": "binary-expr",
        "locations": [
          { "start": { "line": 165, "column": 6 }, "end": { "line": 165, "column": 19 } },
          { "start": { "line": 165, "column": 23 }, "end": { "line": 165, "column": 36 } }
        ]
      },
      "12": {
        "loc": { "start": { "line": 169, "column": 2 }, "end": { "line": 171, "column": null } },
        "type": "if",
        "locations": [
          { "start": { "line": 169, "column": 2 }, "end": { "line": 171, "column": null } }
        ]
      },
      "13": {
        "loc": { "start": { "line": 169, "column": 6 }, "end": { "line": 169, "column": 74 } },
        "type": "binary-expr",
        "locations": [
          { "start": { "line": 169, "column": 6 }, "end": { "line": 169, "column": 27 } },
          { "start": { "line": 169, "column": 31 }, "end": { "line": 169, "column": 48 } },
          { "start": { "line": 169, "column": 52 }, "end": { "line": 169, "column": 74 } }
        ]
      }
    },
    "s": {
      "0": 0,
      "1": 0,
      "2": 0,
      "3": 0,
      "4": 0,
      "5": 0,
      "6": 0,
      "7": 0,
      "8": 0,
      "9": 0,
      "10": 0,
      "11": 0,
      "12": 0,
      "13": 0,
      "14": 0,
      "15": 0,
      "16": 0,
      "17": 0,
      "18": 0,
      "19": 0,
      "20": 0,
      "21": 0,
      "22": 0,
      "23": 0,
      "24": 0,
      "25": 0,
      "26": 0,
      "27": 0,
      "28": 0,
      "29": 0,
      "30": 0,
      "31": 0,
      "32": 0,
      "33": 0,
      "34": 0,
      "35": 0,
      "36": 0,
      "37": 0,
      "38": 0,
      "39": 0,
      "40": 0,
      "41": 0,
      "42": 0,
      "43": 0,
      "44": 0,
      "45": 0,
      "46": 0,
      "47": 0,
      "48": 0,
      "49": 0,
      "50": 0,
      "51": 0,
      "52": 0,
      "53": 0,
      "54": 0,
      "55": 0,
      "56": 0,
      "57": 0,
      "58": 0,
      "59": 0,
      "60": 0,
      "61": 0,
      "62": 0,
      "63": 0,
      "64": 0,
      "65": 0,
      "66": 0,
      "67": 0,
      "68": 0,
      "69": 0,
      "70": 0,
      "71": 0,
      "72": 0,
      "73": 0,
      "74": 0
    },
    "f": {
      "0": 0,
      "1": 0,
      "2": 0,
      "3": 0,
      "4": 0,
      "5": 0,
      "6": 0,
      "7": 0,
      "8": 0,
      "9": 0,
      "10": 0,
      "11": 0,
      "12": 0,
      "13": 0,
      "14": 0,
      "15": 0,
      "16": 0
    },
    "b": {
      "0": [0],
      "1": [0, 0],
      "2": [0, 0],
      "3": [0, 0],
      "4": [0, 0],
      "5": [0],
      "6": [0],
      "7": [0],
      "8": [0, 0],
      "9": [0],
      "10": [0],
      "11": [0, 0],
      "12": [0],
      "13": [0, 0, 0]
    }
  }
}
