TN:
SF:src/antdDarkThemePlugin.ts
FN:22,antdDarkThemePlugin
FN:45,(anonymous_2)
FN:49,preloadLess
FN:62,(anonymous_4)
FN:72,getProtocal
FN:75,(anonymous_6)
FN:94,(anonymous_7)
FN:100,(anonymous_8)
FN:132,(anonymous_9)
FN:141,(anonymous_10)
FN:188,(anonymous_11)
FN:203,(anonymous_12)
FNF:12
FNH:0
FNDA:0,antdDarkThemePlugin
FNDA:0,(anonymous_2)
FNDA:0,preloadLess
FNDA:0,(anonymous_4)
FNDA:0,getProtocal
FNDA:0,(anonymous_6)
FNDA:0,(anonymous_7)
FNDA:0,(anonymous_8)
FNDA:0,(anonymous_9)
FNDA:0,(anonymous_10)
FNDA:0,(anonymous_11)
FNDA:0,(anonymous_12)
DA:2,0
DA:3,0
DA:4,0
DA:5,0
DA:6,0
DA:7,0
DA:8,0
DA:9,0
DA:22,0
DA:32,0
DA:33,0
DA:34,0
DA:36,0
DA:38,0
DA:39,0
DA:41,0
DA:43,0
DA:45,0
DA:46,0
DA:50,0
DA:51,0
DA:53,0
DA:54,0
DA:55,0
DA:63,0
DA:64,0
DA:65,0
DA:66,0
DA:75,0
DA:76,0
DA:77,0
DA:81,0
DA:84,0
DA:95,0
DA:96,0
DA:97,0
DA:98,0
DA:102,0
DA:104,0
DA:105,0
DA:108,0
DA:109,0
DA:112,0
DA:115,0
DA:133,0
DA:134,0
DA:137,0
DA:138,0
DA:141,0
DA:142,0
DA:148,0
DA:149,0
DA:150,0
DA:152,0
DA:153,0
DA:160,0
DA:161,0
DA:164,0
DA:167,0
DA:170,0
DA:171,0
DA:172,0
DA:174,0
DA:175,0
DA:180,0
DA:182,0
DA:185,0
DA:189,0
DA:190,0
DA:195,0
DA:196,0
DA:197,0
DA:199,0
DA:200,0
DA:204,0
DA:207,0
DA:208,0
DA:212,0
DA:213,0
DA:214,0
LF:80
LH:0
BRDA:25,0,0,0
BRDA:26,1,0,0
BRDA:29,2,0,0
BRDA:30,3,0,0
BRDA:31,4,0,0
BRDA:46,5,0,0
BRDA:46,5,1,0
BRDA:50,6,0,0
BRDA:50,7,0,0
BRDA:50,7,1,0
BRDA:64,8,0,0
BRDA:76,9,0,0
BRDA:98,10,0,0
BRDA:98,10,1,0
BRDA:104,11,0,0
BRDA:104,12,0,0
BRDA:104,12,1,0
BRDA:108,13,0,0
BRDA:108,13,1,0
BRDA:133,14,0,0
BRDA:133,15,0,0
BRDA:133,15,1,0
BRDA:137,16,0,0
BRDA:137,17,0,0
BRDA:137,17,1,0
BRDA:143,18,0,0
BRDA:143,18,1,0
BRDA:150,19,0,0
BRDA:150,19,1,0
BRDA:152,20,0,0
BRDA:152,20,1,0
BRDA:161,21,0,0
BRDA:170,22,0,0
BRDA:170,22,1,0
BRDA:170,23,0,0
BRDA:170,23,1,0
BRDA:171,24,0,0
BRDA:171,24,1,0
BRDA:174,25,0,0
BRDA:189,26,0,0
BRDA:196,27,0,0
BRDA:204,28,0,0
BRDA:204,29,0,0
BRDA:204,29,1,0
BRDA:204,29,2,0
BRF:45
BRH:0
end_of_record
TN:
SF:src/constants.ts
FNF:0
FNH:0
DA:1,0
DA:2,0
DA:4,0
DA:6,0
DA:10,0
DA:14,0
DA:16,0
DA:18,0
DA:20,0
DA:22,0
DA:24,0
DA:26,0
DA:27,0
DA:28,0
DA:29,0
DA:30,0
DA:32,0
LF:17
LH:0
BRF:0
BRH:0
end_of_record
TN:
SF:src/index.ts
FN:9,(anonymous_5)
FN:34,viteThemePlugin
FN:74,(anonymous_7)
FN:87,(anonymous_8)
FN:95,(anonymous_9)
FN:99,(anonymous_10)
FN:144,(anonymous_11)
FN:160,(anonymous_12)
FN:185,getClientStyleString
FNF:9
FNH:0
FNDA:0,(anonymous_5)
FNDA:0,viteThemePlugin
FNDA:0,(anonymous_7)
FNDA:0,(anonymous_8)
FNDA:0,(anonymous_9)
FNDA:0,(anonymous_10)
FNDA:0,(anonymous_11)
FNDA:0,(anonymous_12)
FNDA:0,getClientStyleString
DA:2,0
DA:3,0
DA:4,0
DA:5,0
DA:7,0
DA:9,0
DA:11,0
DA:28,0
DA:29,0
DA:30,0
DA:32,0
DA:34,0
DA:35,0
DA:37,0
DA:38,0
DA:40,0
DA:42,0
DA:46,0
DA:58,0
DA:67,0
DA:69,0
DA:70,0
DA:71,0
DA:74,0
DA:76,0
DA:78,0
DA:79,0
DA:88,0
DA:89,0
DA:90,0
DA:91,0
DA:92,0
DA:96,0
DA:97,0
DA:99,0
DA:100,0
DA:106,0
DA:112,0
DA:116,0
DA:118,0
DA:119,0
DA:123,0
DA:124,0
DA:132,0
DA:134,0
DA:135,0
DA:137,0
DA:140,0
DA:148,0
DA:149,0
DA:150,0
DA:151,0
DA:153,0
DA:154,0
DA:156,0
DA:157,0
DA:161,0
DA:164,0
DA:165,0
DA:168,0
DA:169,0
DA:170,0
DA:186,0
DA:187,0
DA:189,0
DA:190,0
DA:191,0
DA:193,0
DA:194,0
DA:195,0
DA:197,0
DA:198,0
DA:200,0
LF:73
LH:0
BRDA:69,0,0,0
BRDA:69,1,0,0
BRDA:69,1,1,0
BRDA:74,2,0,0
BRDA:74,2,1,0
BRDA:86,3,0,0
BRDA:86,3,1,0
BRDA:96,4,0,0
BRDA:101,5,0,0
BRDA:101,5,1,0
BRDA:106,6,0,0
BRDA:106,6,1,0
BRDA:112,7,0,0
BRDA:112,7,1,0
BRDA:118,8,0,0
BRDA:123,9,0,0
BRDA:123,9,1,0
BRDA:134,10,0,0
BRDA:153,11,0,0
BRDA:161,12,0,0
BRDA:161,13,0,0
BRDA:161,13,1,0
BRDA:186,14,0,0
BRDA:197,15,0,0
BRF:24
BRH:0
end_of_record
TN:
SF:src/injectClientPlugin.ts
FN:11,injectClientPlugin
FN:33,(anonymous_2)
FN:41,(anonymous_3)
FN:60,(anonymous_4)
FN:63,(anonymous_5)
FN:77,(anonymous_6)
FNF:6
FNH:0
FNDA:0,injectClientPlugin
FNDA:0,(anonymous_2)
FNDA:0,(anonymous_3)
FNDA:0,(anonymous_4)
FNDA:0,(anonymous_5)
FNDA:0,(anonymous_6)
DA:1,0
DA:2,0
DA:4,0
DA:5,0
DA:7,0
DA:11,0
DA:29,0
DA:30,0
DA:34,0
DA:35,0
DA:36,0
DA:42,0
DA:43,0
DA:45,0
DA:61,0
DA:62,0
DA:63,0
DA:65,0
DA:71,0
DA:75,0
DA:77,0
DA:78,0
DA:81,0
DA:82,0
DA:87,0
DA:88,0
DA:92,0
DA:93,0
DA:98,0
DA:99,0
DA:106,0
LF:31
LH:0
BRDA:42,0,0,0
BRDA:63,1,0,0
BRDA:63,1,1,0
BRDA:65,2,0,0
BRDA:66,3,0,0
BRDA:66,3,1,0
BRDA:66,3,2,0
BRDA:81,4,0,0
BRDA:87,5,0,0
BRDA:92,6,0,0
BRDA:98,7,0,0
BRF:11
BRH:0
end_of_record
TN:
SF:src/utils.ts
FN:6,getVariablesReg
FN:10,(anonymous_2)
FN:21,combineRegs
FN:23,(anonymous_4)
FN:31,formatCss
FN:41,createFileHash
FN:48,minifyCSS
FN:67,extractVariable
FNF:8
FNH:0
FNDA:0,getVariablesReg
FNDA:0,(anonymous_2)
FNDA:0,combineRegs
FNDA:0,(anonymous_4)
FNDA:0,formatCss
FNDA:0,createFileHash
FNDA:0,minifyCSS
FNDA:0,extractVariable
DA:2,0
DA:4,0
DA:5,0
DA:6,0
DA:7,0
DA:11,0
DA:21,0
DA:22,0
DA:24,0
DA:25,0
DA:28,0
DA:31,0
DA:32,0
DA:33,0
DA:34,0
DA:35,0
DA:36,0
DA:37,0
DA:38,0
DA:41,0
DA:42,0
DA:48,0
DA:49,0
DA:54,0
DA:55,0
DA:56,0
DA:59,0
DA:60,0
DA:63,0
DA:67,0
DA:73,0
DA:74,0
DA:76,0
DA:77,0
DA:78,0
DA:81,0
DA:83,0
DA:85,0
DA:86,0
DA:87,0
DA:88,0
DA:91,0
DA:92,0
DA:93,0
DA:96,0
DA:97,0
DA:103,0
DA:106,0
DA:116,0
DA:118,0
DA:119,0
DA:122,0
DA:127,0
LF:53
LH:0
BRDA:21,0,0,0
BRDA:21,1,0,0
BRDA:54,2,0,0
BRDA:54,3,0,0
BRDA:54,3,1,0
BRDA:59,4,0,0
BRDA:59,5,0,0
BRDA:59,5,1,0
BRDA:77,6,0,0
BRDA:77,7,0,0
BRDA:77,7,1,0
BRDA:87,8,0,0
BRDA:87,9,0,0
BRDA:87,9,1,0
BRDA:91,10,0,0
BRDA:91,10,1,0
BRDA:92,11,0,0
BRDA:96,12,0,0
BRDA:116,13,0,0
BRDA:116,13,1,0
BRDA:118,14,0,0
BRDA:123,15,0,0
BRDA:123,15,1,0
BRF:23
BRH:0
end_of_record
TN:
SF:src/esbuild/less.ts
FN:6,(anonymous_1)
FN:9,(anonymous_2)
FN:10,(anonymous_3)
FN:22,(anonymous_4)
FNF:4
FNH:0
FNDA:0,(anonymous_1)
FNDA:0,(anonymous_2)
FNDA:0,(anonymous_3)
FNDA:0,(anonymous_4)
DA:1,0
DA:3,0
DA:6,0
DA:7,0
DA:10,0
DA:11,0
DA:16,0
DA:22,0
DA:23,0
DA:24,0
DA:25,0
DA:30,0
LF:12
LH:0
BRDA:6,0,0,0
BRDA:27,1,0,0
BRDA:27,1,1,0
BRF:3
BRH:0
end_of_record
TN:
SF:src/preprocessor/less/index.ts
FN:15,(anonymous_1)
FN:18,(anonymous_2)
FN:24,createViteLessPlugin
FN:34,(anonymous_4)
FN:40,(anonymous_5)
FN:43,(anonymous_6)
FN:46,(anonymous_7)
FN:73,(anonymous_8)
FN:80,lessPlugin
FN:85,createCSSResolvers
FN:88,(anonymous_11)
FN:106,rebaseUrls
FN:119,(anonymous_13)
FN:138,rewriteCssUrls
FN:139,(anonymous_15)
FN:145,asyncReplace
FN:162,doUrlReplace
FNF:17
FNH:0
FNDA:0,(anonymous_1)
FNDA:0,(anonymous_2)
FNDA:0,createViteLessPlugin
FNDA:0,(anonymous_4)
FNDA:0,(anonymous_5)
FNDA:0,(anonymous_6)
FNDA:0,(anonymous_7)
FNDA:0,(anonymous_8)
FNDA:0,lessPlugin
FNDA:0,createCSSResolvers
FNDA:0,(anonymous_11)
FNDA:0,rebaseUrls
FNDA:0,(anonymous_13)
FNDA:0,rewriteCssUrls
FNDA:0,(anonymous_15)
FNDA:0,asyncReplace
FNDA:0,doUrlReplace
DA:1,0
DA:2,0
DA:3,0
DA:4,0
DA:14,0
DA:15,0
DA:17,0
DA:18,0
DA:20,0
DA:29,0
DA:30,0
DA:35,0
DA:36,0
DA:37,0
DA:38,0
DA:41,0
DA:44,0
DA:52,0
DA:53,0
DA:54,0
DA:56,0
DA:57,0
DA:59,0
DA:61,0
DA:66,0
DA:72,0
DA:74,0
DA:80,0
DA:81,0
DA:82,0
DA:87,0
DA:89,0
DA:107,0
DA:109,0
DA:110,0
DA:111,0
DA:112,0
DA:115,0
DA:116,0
DA:117,0
DA:119,0
DA:120,0
DA:122,0
DA:123,0
DA:124,0
DA:125,0
DA:128,0
DA:129,0
DA:130,0
DA:132,0
DA:139,0
DA:140,0
DA:141,0
DA:145,0
DA:151,0
DA:152,0
DA:153,0
DA:154,0
DA:155,0
DA:156,0
DA:158,0
DA:159,0
DA:163,0
DA:164,0
DA:165,0
DA:166,0
DA:167,0
DA:169,0
DA:170,0
DA:173,0
LF:70
LH:0
BRDA:29,0,0,0
BRDA:53,1,0,0
BRDA:53,1,1,0
BRDA:56,2,0,0
BRDA:56,2,1,0
BRDA:56,3,0,0
BRDA:56,3,1,0
BRDA:90,4,0,0
BRDA:90,4,1,0
BRDA:111,5,0,0
BRDA:116,6,0,0
BRDA:120,7,0,0
BRDA:123,8,0,0
BRDA:123,8,1,0
BRDA:124,9,0,0
BRDA:165,10,0,0
BRDA:165,11,0,0
BRDA:165,11,1,0
BRDA:169,12,0,0
BRDA:169,13,0,0
BRDA:169,13,1,0
BRDA:169,13,2,0
BRF:22
BRH:0
end_of_record
